FUSE library version: 2.9.4
unique: 1, opcode: INIT (26), nodeid: 0, insize: 56, pid: 0
INIT: 7.27
flags=0x003ffffb
max_readahead=0x00020000
   INIT: 7.19
   flags=0x00000000
   max_readahead=0x00020000
   max_write=0x00020000
   max_background=0
   congestion_threshold=0
   unique: 1, success, outsize: 40
unique: 2, opcode: LOOKUP (1), nodeid: 1, insize: 46, pid: 538
isfile: 248 is not a file
getattr 00000000000000f8 0
isfile: 248 is not a file
isdir: 248 is not a dir
getfile 00000000000000f8
getfile 00000000000000f8 -> sz 10
   getattr -> 10
   unique: 2, success, outsize: 144
unique: 3, opcode: GETATTR (3), nodeid: 248, insize: 56, pid: 538
isfile: 248 is not a file
getattr 00000000000000f8 0
isfile: 248 is not a file
isdir: 248 is not a dir
getfile 00000000000000f8
getfile 00000000000000f8 -> sz 10
   getattr -> 10
   unique: 3, success, outsize: 120
unique: 4, opcode: LOOKUP (1), nodeid: 1, insize: 46, pid: 538
isfile: 248 is not a file
getattr 00000000000000f8 0
isfile: 248 is not a file
isdir: 248 is not a dir
getfile 00000000000000f8
getfile 00000000000000f8 -> sz 10
   getattr -> 10
   unique: 4, success, outsize: 144
unique: 5, opcode: UNLINK (10), nodeid: 1, insize: 46, pid: 538
   unique: 5, success, outsize: 16
unique: 6, opcode: LOOKUP (1), nodeid: 1, insize: 54, pid: 538
isfile: 250 is not a file
getattr 00000000000000fa 0
isfile: 250 is not a file
isdir: 250 is not a dir
getfile 00000000000000fa
getfile 00000000000000fa -> sz 10
   getattr -> 10
   unique: 6, success, outsize: 144
unique: 7, opcode: FORGET (2), nodeid: 248, insize: 48, pid: 0
unique: 8, opcode: GETATTR (3), nodeid: 250, insize: 56, pid: 538
isfile: 250 is not a file
getattr 00000000000000fa 0
isfile: 250 is not a file
isdir: 250 is not a dir
getfile 00000000000000fa
getfile 00000000000000fa -> sz 10
   getattr -> 10
   unique: 8, success, outsize: 120
unique: 9, opcode: LOOKUP (1), nodeid: 1, insize: 54, pid: 538
isfile: 250 is not a file
getattr 00000000000000fa 0
isfile: 250 is not a file
isdir: 250 is not a dir
getfile 00000000000000fa
getfile 00000000000000fa -> sz 10
   getattr -> 10
   unique: 9, success, outsize: 144
unique: 10, opcode: UNLINK (10), nodeid: 1, insize: 54, pid: 538
   unique: 10, success, outsize: 16
unique: 11, opcode: FORGET (2), nodeid: 250, insize: 48, pid: 0
unique: 12, opcode: LOOKUP (1), nodeid: 1, insize: 51, pid: 538
isfile: 249 is a file
getattr 00000000000000f9 1
isfile: 249 is a file
getfile 00000000000000f9
getfile 00000000000000f9 -> sz 0
   getattr -> 0
   unique: 12, success, outsize: 144
unique: 13, opcode: GETATTR (3), nodeid: 249, insize: 56, pid: 538
isfile: 249 is a file
getattr 00000000000000f9 1
isfile: 249 is a file
getfile 00000000000000f9
getfile 00000000000000f9 -> sz 0
   getattr -> 0
   unique: 13, success, outsize: 120
unique: 14, opcode: LOOKUP (1), nodeid: 1, insize: 51, pid: 538
isfile: 249 is a file
getattr 00000000000000f9 1
isfile: 249 is a file
getfile 00000000000000f9
getfile 00000000000000f9 -> sz 0
   getattr -> 0
   unique: 14, success, outsize: 144
unique: 15, opcode: UNLINK (10), nodeid: 1, insize: 51, pid: 538
   unique: 15, success, outsize: 16
unique: 16, opcode: FORGET (2), nodeid: 249, insize: 48, pid: 0
unique: 17, opcode: LOOKUP (1), nodeid: 1, insize: 52, pid: 538
   unique: 17, error: -2 (No such file or directory), outsize: 16
unique: 18, opcode: LOOKUP (1), nodeid: 1, insize: 52, pid: 538
   unique: 18, error: -2 (No such file or directory), outsize: 16
unique: 19, opcode: LOOKUP (1), nodeid: 1, insize: 46, pid: 539
   unique: 19, error: -2 (No such file or directory), outsize: 16
unique: 20, opcode: LOOKUP (1), nodeid: 1, insize: 46, pid: 539
   unique: 20, error: -2 (No such file or directory), outsize: 16
unique: 21, opcode: SYMLINK (6), nodeid: 1, insize: 57, pid: 539
isfile: 248 is not a file
getattr 00000000000000f8 0
isfile: 248 is not a file
isdir: 248 is not a dir
getfile 00000000000000f8
getfile 00000000000000f8 -> sz 10
   getattr -> 10
   unique: 21, success, outsize: 144
unique: 22, opcode: LOOKUP (1), nodeid: 1, insize: 46, pid: 540
isfile: 248 is not a file
getattr 00000000000000f8 0
isfile: 248 is not a file
isdir: 248 is not a dir
getfile 00000000000000f8
getfile 00000000000000f8 -> sz 10
   getattr -> 10
   unique: 22, success, outsize: 144
unique: 23, opcode: READLINK (5), nodeid: 248, insize: 40, pid: 540
   unique: 23, success, outsize: 26
unique: 24, opcode: LOOKUP (1), nodeid: 1, insize: 51, pid: 541
   unique: 24, error: -2 (No such file or directory), outsize: 16
unique: 25, opcode: LOOKUP (1), nodeid: 1, insize: 51, pid: 541
   unique: 25, error: -2 (No such file or directory), outsize: 16
unique: 26, opcode: LOOKUP (1), nodeid: 1, insize: 51, pid: 541
   unique: 26, error: -2 (No such file or directory), outsize: 16
unique: 27, opcode: CREATE (35), nodeid: 1, insize: 67, pid: 541
isdir: 1 is a dir
isfile: 249 is a file
getattr 00000000000000f9 1
isfile: 249 is a file
getfile 00000000000000f9
getfile 00000000000000f9 -> sz 0
   getattr -> 0
   unique: 27, success, outsize: 160
OK: create returns.
unique: 28, opcode: GETATTR (3), nodeid: 249, insize: 56, pid: 541
isfile: 249 is a file
getattr 00000000000000f9 1
isfile: 249 is a file
getfile 00000000000000f9
getfile 00000000000000f9 -> sz 0
   getattr -> 0
   unique: 28, success, outsize: 120
unique: 29, opcode: GETXATTR (22), nodeid: 249, insize: 68, pid: 541
   unique: 29, error: -38 (Function not implemented), outsize: 16
unique: 30, opcode: WRITE (16), nodeid: 249, insize: 254, pid: 541
   unique: 30, success, outsize: 24
unique: 31, opcode: FLUSH (25), nodeid: 249, insize: 64, pid: 541
   unique: 31, error: -38 (Function not implemented), outsize: 16
unique: 32, opcode: RELEASE (18), nodeid: 249, insize: 64, pid: 0
   unique: 32, success, outsize: 16
unique: 33, opcode: LOOKUP (1), nodeid: 1, insize: 54, pid: 542
   unique: 33, error: -2 (No such file or directory), outsize: 16
unique: 34, opcode: LOOKUP (1), nodeid: 1, insize: 54, pid: 542
   unique: 34, error: -2 (No such file or directory), outsize: 16
unique: 35, opcode: SYMLINK (6), nodeid: 1, insize: 65, pid: 542
isfile: 250 is not a file
getattr 00000000000000fa 0
isfile: 250 is not a file
isdir: 250 is not a dir
getfile 00000000000000fa
getfile 00000000000000fa -> sz 10
   getattr -> 10
   unique: 35, success, outsize: 144
unique: 36, opcode: LOOKUP (1), nodeid: 1, insize: 54, pid: 543
isfile: 250 is not a file
getattr 00000000000000fa 0
isfile: 250 is not a file
isdir: 250 is not a dir
getfile 00000000000000fa
getfile 00000000000000fa -> sz 10
   getattr -> 10
   unique: 36, success, outsize: 144
unique: 37, opcode: READLINK (5), nodeid: 250, insize: 40, pid: 543
   unique: 37, success, outsize: 26
unique: 38, opcode: LOOKUP (1), nodeid: 1, insize: 51, pid: 543
isfile: 249 is a file
getattr 00000000000000f9 1
isfile: 249 is a file
getfile 00000000000000f9
getfile 00000000000000f9 -> sz 174
   getattr -> 174
   unique: 38, success, outsize: 144
unique: 39, opcode: GETATTR (3), nodeid: 249, insize: 56, pid: 543
isfile: 249 is a file
getattr 00000000000000f9 1
isfile: 249 is a file
getfile 00000000000000f9
getfile 00000000000000f9 -> sz 174
   getattr -> 174
   unique: 39, success, outsize: 120
unique: 40, opcode: LOOKUP (1), nodeid: 1, insize: 51, pid: 543
isfile: 249 is a file
getattr 00000000000000f9 1
isfile: 249 is a file
getfile 00000000000000f9
getfile 00000000000000f9 -> sz 174
   getattr -> 174
   unique: 40, success, outsize: 144
unique: 41, opcode: GETATTR (3), nodeid: 249, insize: 56, pid: 543
isfile: 249 is a file
getattr 00000000000000f9 1
isfile: 249 is a file
getfile 00000000000000f9
getfile 00000000000000f9 -> sz 174
   getattr -> 174
   unique: 41, success, outsize: 120
unique: 42, opcode: LOOKUP (1), nodeid: 1, insize: 51, pid: 544
isfile: 249 is a file
getattr 00000000000000f9 1
isfile: 249 is a file
getfile 00000000000000f9
getfile 00000000000000f9 -> sz 174
   getattr -> 174
   unique: 42, success, outsize: 144
unique: 43, opcode: GETATTR (3), nodeid: 249, insize: 56, pid: 544
isfile: 249 is a file
getattr 00000000000000f9 1
isfile: 249 is a file
getfile 00000000000000f9
getfile 00000000000000f9 -> sz 174
   getattr -> 174
   unique: 43, success, outsize: 120
unique: 44, opcode: LOOKUP (1), nodeid: 1, insize: 51, pid: 544
isfile: 249 is a file
getattr 00000000000000f9 1
isfile: 249 is a file
getfile 00000000000000f9
getfile 00000000000000f9 -> sz 174
   getattr -> 174
   unique: 44, success, outsize: 144
unique: 45, opcode: UNLINK (10), nodeid: 1, insize: 51, pid: 544
   unique: 45, success, outsize: 16
unique: 46, opcode: FORGET (2), nodeid: 249, insize: 48, pid: 0
unique: 47, opcode: LOOKUP (1), nodeid: 1, insize: 51, pid: 545
   unique: 47, error: -2 (No such file or directory), outsize: 16
unique: 48, opcode: CREATE (35), nodeid: 1, insize: 67, pid: 545
isdir: 1 is a dir
isfile: 249 is a file
getattr 00000000000000f9 1
isfile: 249 is a file
getfile 00000000000000f9
getfile 00000000000000f9 -> sz 0
   getattr -> 0
   unique: 48, success, outsize: 160
OK: create returns.
unique: 49, opcode: SETATTR (4), nodeid: 249, insize: 128, pid: 545
fuseserver_setattr 0x1b0
   unique: 49, error: -38 (Function not implemented), outsize: 16
unique: 50, opcode: SETATTR (4), nodeid: 249, insize: 128, pid: 545
fuseserver_setattr 0x1b0
   unique: 50, error: -38 (Function not implemented), outsize: 16
unique: 51, opcode: LOOKUP (1), nodeid: 1, insize: 51, pid: 545
isfile: 249 is a file
getattr 00000000000000f9 1
isfile: 249 is a file
getfile 00000000000000f9
getfile 00000000000000f9 -> sz 0
   getattr -> 0
   unique: 51, success, outsize: 144
unique: 52, opcode: SETATTR (4), nodeid: 249, insize: 128, pid: 545
fuseserver_setattr 0x1b0
   unique: 52, error: -38 (Function not implemented), outsize: 16
unique: 53, opcode: LOOKUP (1), nodeid: 1, insize: 51, pid: 545
isfile: 249 is a file
getattr 00000000000000f9 1
isfile: 249 is a file
getfile 00000000000000f9
getfile 00000000000000f9 -> sz 0
   getattr -> 0
   unique: 53, success, outsize: 144
unique: 54, opcode: SETATTR (4), nodeid: 249, insize: 128, pid: 545
fuseserver_setattr 0x1b0
   unique: 54, error: -38 (Function not implemented), outsize: 16
unique: 55, opcode: RELEASE (18), nodeid: 249, insize: 64, pid: 0
   unique: 55, success, outsize: 16
unique: 56, opcode: LOOKUP (1), nodeid: 1, insize: 54, pid: 546
isfile: 250 is not a file
getattr 00000000000000fa 0
isfile: 250 is not a file
isdir: 250 is not a dir
getfile 00000000000000fa
getfile 00000000000000fa -> sz 10
   getattr -> 10
   unique: 56, success, outsize: 144
unique: 57, opcode: READLINK (5), nodeid: 250, insize: 40, pid: 546
   unique: 57, success, outsize: 26
unique: 58, opcode: LOOKUP (1), nodeid: 1, insize: 51, pid: 546
isfile: 249 is a file
getattr 00000000000000f9 1
isfile: 249 is a file
getfile 00000000000000f9
getfile 00000000000000f9 -> sz 0
   getattr -> 0
   unique: 58, success, outsize: 144
unique: 59, opcode: GETATTR (3), nodeid: 249, insize: 56, pid: 546
isfile: 249 is a file
getattr 00000000000000f9 1
isfile: 249 is a file
getfile 00000000000000f9
getfile 00000000000000f9 -> sz 0
   getattr -> 0
   unique: 59, success, outsize: 120
unique: 60, opcode: LOOKUP (1), nodeid: 1, insize: 51, pid: 546
isfile: 249 is a file
getattr 00000000000000f9 1
isfile: 249 is a file
getfile 00000000000000f9
getfile 00000000000000f9 -> sz 0
   getattr -> 0
   unique: 60, success, outsize: 144
unique: 61, opcode: GETATTR (3), nodeid: 249, insize: 56, pid: 546
isfile: 249 is a file
getattr 00000000000000f9 1
isfile: 249 is a file
getfile 00000000000000f9
getfile 00000000000000f9 -> sz 0
   getattr -> 0
   unique: 61, success, outsize: 120
unique: 62, opcode: LOOKUP (1), nodeid: 1, insize: 53, pid: 581
   unique: 62, error: -2 (No such file or directory), outsize: 16
unique: 63, opcode: CREATE (35), nodeid: 1, insize: 69, pid: 581
isdir: 1 is a dir
isfile: 251 is a file
getattr 00000000000000fb 1
isfile: 251 is a file
getfile 00000000000000fb
getfile 00000000000000fb -> sz 0
   getattr -> 0
   unique: 63, success, outsize: 160
OK: create returns.
unique: 64, opcode: SETATTR (4), nodeid: 251, insize: 128, pid: 581
fuseserver_setattr 0x8
   fuseserver_setattr set size to 3072
isfile: 251 is a file
getattr 00000000000000fb 1
isfile: 251 is a file
getfile 00000000000000fb
getfile 00000000000000fb -> sz 3072
   getattr -> 3072
   unique: 64, success, outsize: 120
unique: 65, opcode: IOCTL (39), nodeid: 251, insize: 72, pid: 581
   unique: 65, error: -38 (Function not implemented), outsize: 16
unique: 66, opcode: WRITE (16), nodeid: 251, insize: 1104, pid: 581
   unique: 66, success, outsize: 24
unique: 67, opcode: WRITE (16), nodeid: 251, insize: 1104, pid: 581
   unique: 67, success, outsize: 24
unique: 68, opcode: WRITE (16), nodeid: 251, insize: 1104, pid: 581
   unique: 68, success, outsize: 24
unique: 69, opcode: WRITE (16), nodeid: 251, insize: 1104, pid: 581
   unique: 69, success, outsize: 24
unique: 70, opcode: WRITE (16), nodeid: 251, insize: 1104, pid: 581
   unique: 70, success, outsize: 24
unique: 71, opcode: WRITE (16), nodeid: 251, insize: 1104, pid: 581
   unique: 71, success, outsize: 24
unique: 72, opcode: WRITE (16), nodeid: 251, insize: 1104, pid: 581
   unique: 72, success, outsize: 24
unique: 73, opcode: WRITE (16), nodeid: 251, insize: 1104, pid: 581
   unique: 73, success, outsize: 24
unique: 74, opcode: WRITE (16), nodeid: 251, insize: 1104, pid: 581
   unique: 74, success, outsize: 24
unique: 75, opcode: WRITE (16), nodeid: 251, insize: 1104, pid: 581
   unique: 75, success, outsize: 24
unique: 76, opcode: WRITE (16), nodeid: 251, insize: 1104, pid: 581
   unique: 76, success, outsize: 24
unique: 77, opcode: WRITE (16), nodeid: 251, insize: 1104, pid: 581
   unique: 77, success, outsize: 24
unique: 78, opcode: WRITE (16), nodeid: 251, insize: 1104, pid: 581
   unique: 78, success, outsize: 24
unique: 79, opcode: WRITE (16), nodeid: 251, insize: 1104, pid: 581
   unique: 79, success, outsize: 24
unique: 80, opcode: WRITE (16), nodeid: 251, insize: 1104, pid: 581
   unique: 80, success, outsize: 24
unique: 81, opcode: WRITE (16), nodeid: 251, insize: 1104, pid: 581
   unique: 81, success, outsize: 24
unique: 82, opcode: WRITE (16), nodeid: 251, insize: 1104, pid: 581
   unique: 82, success, outsize: 24
unique: 83, opcode: WRITE (16), nodeid: 251, insize: 1104, pid: 581
   unique: 83, success, outsize: 24
unique: 84, opcode: WRITE (16), nodeid: 251, insize: 1104, pid: 581
   unique: 84, success, outsize: 24
unique: 85, opcode: WRITE (16), nodeid: 251, insize: 1104, pid: 581
   unique: 85, success, outsize: 24
unique: 86, opcode: WRITE (16), nodeid: 251, insize: 1104, pid: 581
   unique: 86, success, outsize: 24
unique: 87, opcode: WRITE (16), nodeid: 251, insize: 1104, pid: 581
   unique: 87, success, outsize: 24
unique: 88, opcode: WRITE (16), nodeid: 251, insize: 1104, pid: 581
   unique: 88, success, outsize: 24
unique: 89, opcode: WRITE (16), nodeid: 251, insize: 1104, pid: 581
   unique: 89, success, outsize: 24
unique: 90, opcode: WRITE (16), nodeid: 251, insize: 1104, pid: 581
   unique: 90, success, outsize: 24
unique: 91, opcode: WRITE (16), nodeid: 251, insize: 1104, pid: 581
   unique: 91, success, outsize: 24
unique: 92, opcode: WRITE (16), nodeid: 251, insize: 1104, pid: 581
   unique: 92, success, outsize: 24
unique: 93, opcode: WRITE (16), nodeid: 251, insize: 1104, pid: 581
   unique: 93, success, outsize: 24
unique: 94, opcode: WRITE (16), nodeid: 251, insize: 1104, pid: 581
   unique: 94, success, outsize: 24
unique: 95, opcode: WRITE (16), nodeid: 251, insize: 1104, pid: 581
   unique: 95, success, outsize: 24
unique: 96, opcode: RELEASE (18), nodeid: 251, insize: 64, pid: 0
   unique: 96, success, outsize: 16
unique: 97, opcode: LOOKUP (1), nodeid: 1, insize: 53, pid: 582
isfile: 251 is a file
getattr 00000000000000fb 1
isfile: 251 is a file
getfile 00000000000000fb
getfile 00000000000000fb -> sz 33792
   getattr -> 33792
   unique: 97, success, outsize: 144
unique: 98, opcode: GETATTR (3), nodeid: 251, insize: 56, pid: 582
isfile: 251 is a file
getattr 00000000000000fb 1
isfile: 251 is a file
getfile 00000000000000fb
getfile 00000000000000fb -> sz 33792
   getattr -> 33792
   unique: 98, success, outsize: 120
unique: 99, opcode: LOOKUP (1), nodeid: 1, insize: 53, pid: 582
isfile: 251 is a file
getattr 00000000000000fb 1
isfile: 251 is a file
getfile 00000000000000fb
getfile 00000000000000fb -> sz 33792
   getattr -> 33792
   unique: 99, success, outsize: 144
unique: 100, opcode: OPEN (14), nodeid: 251, insize: 48, pid: 582
   unique: 100, success, outsize: 32
unique: 101, opcode: READ (15), nodeid: 251, insize: 80, pid: 582
   unique: 101, success, outsize: 16400
unique: 102, opcode: READ (15), nodeid: 251, insize: 80, pid: 582
   unique: 102, success, outsize: 17424
unique: 103, opcode: GETATTR (3), nodeid: 251, insize: 56, pid: 582
isfile: 251 is a file
getattr 00000000000000fb 1
isfile: 251 is a file
getfile 00000000000000fb
getfile 00000000000000fb -> sz 33792
   getattr -> 33792
   unique: 103, success, outsize: 120
unique: 104, opcode: GETATTR (3), nodeid: 251, insize: 56, pid: 582
isfile: 251 is a file
getattr 00000000000000fb 1
isfile: 251 is a file
getfile 00000000000000fb
getfile 00000000000000fb -> sz 33792
   getattr -> 33792
   unique: 104, success, outsize: 120
unique: 105, opcode: RELEASE (18), nodeid: 251, insize: 64, pid: 0
   unique: 105, success, outsize: 16
unique: 106, opcode: LOOKUP (1), nodeid: 1, insize: 53, pid: 583
isfile: 251 is a file
getattr 00000000000000fb 1
isfile: 251 is a file
getfile 00000000000000fb
getfile 00000000000000fb -> sz 33792
   getattr -> 33792
   unique: 106, success, outsize: 144
unique: 107, opcode: GETATTR (3), nodeid: 251, insize: 56, pid: 583
isfile: 251 is a file
getattr 00000000000000fb 1
isfile: 251 is a file
getfile 00000000000000fb
getfile 00000000000000fb -> sz 33792
   getattr -> 33792
   unique: 107, success, outsize: 120
unique: 108, opcode: LOOKUP (1), nodeid: 1, insize: 53, pid: 583
isfile: 251 is a file
getattr 00000000000000fb 1
isfile: 251 is a file
getfile 00000000000000fb
getfile 00000000000000fb -> sz 33792
   getattr -> 33792
   unique: 108, success, outsize: 144
unique: 109, opcode: UNLINK (10), nodeid: 1, insize: 53, pid: 583
   unique: 109, success, outsize: 16
unique: 110, opcode: FORGET (2), nodeid: 251, insize: 48, pid: 0
unique: 111, opcode: LOOKUP (1), nodeid: 1, insize: 45, pid: 601
isfile: 251 is not a file
getattr 00000000000000fb 0
isfile: 251 is not a file
isdir: 251 is a dir
getdir 00000000000000fb
   getattr -> 1570449474 1570449474 1570449474
   unique: 111, success, outsize: 144
unique: 112, opcode: ACCESS (34), nodeid: 251, insize: 48, pid: 601
   unique: 112, error: -38 (Function not implemented), outsize: 16
unique: 113, opcode: LOOKUP (1), nodeid: 1, insize: 45, pid: 601
isfile: 251 is not a file
getattr 00000000000000fb 0
isfile: 251 is not a file
isdir: 251 is a dir
getdir 00000000000000fb
   getattr -> 1570449475 1570449475 1570449475
   unique: 113, success, outsize: 144
unique: 114, opcode: LOOKUP (1), nodeid: 251, insize: 43, pid: 601
isfile: 252 is a file
getattr 00000000000000fc 1
isfile: 252 is a file
getfile 00000000000000fc
getfile 00000000000000fc -> sz 3
   getattr -> 3
   unique: 114, success, outsize: 144
unique: 115, opcode: OPEN (14), nodeid: 252, insize: 48, pid: 601
   unique: 115, success, outsize: 32
unique: 116, opcode: GETATTR (3), nodeid: 252, insize: 56, pid: 601
isfile: 252 is a file
getattr 00000000000000fc 1
isfile: 252 is a file
getfile 00000000000000fc
getfile 00000000000000fc -> sz 3
   getattr -> 3
   unique: 116, success, outsize: 120
unique: 117, opcode: READ (15), nodeid: 252, insize: 80, pid: 601
   unique: 117, success, outsize: 19
unique: 118, opcode: RELEASE (18), nodeid: 252, insize: 64, pid: 0
   unique: 118, success, outsize: 16
unique: 119, opcode: LOOKUP (1), nodeid: 1, insize: 45, pid: 601
isfile: 251 is not a file
getattr 00000000000000fb 0
isfile: 251 is not a file
isdir: 251 is a dir
getdir 00000000000000fb
   getattr -> 1570449475 1570449475 1570449475
   unique: 119, success, outsize: 144
unique: 120, opcode: LOOKUP (1), nodeid: 251, insize: 43, pid: 601
isfile: 252 is a file
getattr 00000000000000fc 1
isfile: 252 is a file
getfile 00000000000000fc
getfile 00000000000000fc -> sz 3
   getattr -> 3
   unique: 120, success, outsize: 144
unique: 121, opcode: UNLINK (10), nodeid: 251, insize: 43, pid: 601
   unique: 121, success, outsize: 16
unique: 122, opcode: FORGET (2), nodeid: 252, insize: 48, pid: 0
unique: 123, opcode: LOOKUP (1), nodeid: 1, insize: 45, pid: 601
isfile: 251 is not a file
getattr 00000000000000fb 0
isfile: 251 is not a file
isdir: 251 is a dir
getdir 00000000000000fb
   getattr -> 1570449478 1570449478 1570449478
   unique: 123, success, outsize: 144
unique: 124, opcode: LOOKUP (1), nodeid: 251, insize: 43, pid: 601
   unique: 124, error: -2 (No such file or directory), outsize: 16
unique: 125, opcode: LOOKUP (1), nodeid: 1, insize: 45, pid: 601
isfile: 251 is not a file
getattr 00000000000000fb 0
isfile: 251 is not a file
isdir: 251 is a dir
getdir 00000000000000fb
   getattr -> 1570449480 1570449480 1570449480
   unique: 125, success, outsize: 144
unique: 126, opcode: LOOKUP (1), nodeid: 251, insize: 43, pid: 601
isfile: 252 is a file
getattr 00000000000000fc 1
isfile: 252 is a file
getfile 00000000000000fc
getfile 00000000000000fc -> sz 3
   getattr -> 3
   unique: 126, success, outsize: 144
unique: 127, opcode: UNLINK (10), nodeid: 251, insize: 43, pid: 601
   unique: 127, success, outsize: 16
unique: 128, opcode: FORGET (2), nodeid: 252, insize: 48, pid: 0
unique: 129, opcode: LOOKUP (1), nodeid: 1, insize: 45, pid: 601
isfile: 251 is not a file
getattr 00000000000000fb 0
isfile: 251 is not a file
isdir: 251 is a dir
getdir 00000000000000fb
   getattr -> 1570449481 1570449481 1570449481
   unique: 129, success, outsize: 144
unique: 130, opcode: LOOKUP (1), nodeid: 251, insize: 43, pid: 601
   unique: 130, error: -2 (No such file or directory), outsize: 16
unique: 131, opcode: LOOKUP (1), nodeid: 1, insize: 45, pid: 601
isfile: 251 is not a file
getattr 00000000000000fb 0
isfile: 251 is not a file
isdir: 251 is a dir
getdir 00000000000000fb
   getattr -> 1570449482 1570449482 1570449482
   unique: 131, success, outsize: 144
unique: 132, opcode: LOOKUP (1), nodeid: 251, insize: 43, pid: 601
isfile: 252 is a file
getattr 00000000000000fc 1
isfile: 252 is a file
getfile 00000000000000fc
getfile 00000000000000fc -> sz 3
   getattr -> 3
   unique: 132, success, outsize: 144
unique: 133, opcode: OPEN (14), nodeid: 252, insize: 48, pid: 601
   unique: 133, success, outsize: 32
unique: 134, opcode: GETATTR (3), nodeid: 252, insize: 56, pid: 601
isfile: 252 is a file
getattr 00000000000000fc 1
isfile: 252 is a file
getfile 00000000000000fc
getfile 00000000000000fc -> sz 3
   getattr -> 3
   unique: 134, success, outsize: 120
unique: 135, opcode: READ (15), nodeid: 252, insize: 80, pid: 601
   unique: 135, success, outsize: 19
unique: 136, opcode: RELEASE (18), nodeid: 252, insize: 64, pid: 0
   unique: 136, success, outsize: 16
unique: 137, opcode: LOOKUP (1), nodeid: 1, insize: 45, pid: 601
isfile: 251 is not a file
getattr 00000000000000fb 0
isfile: 251 is not a file
isdir: 251 is a dir
getdir 00000000000000fb
   getattr -> 1570449483 1570449483 1570449483
   unique: 137, success, outsize: 144
unique: 138, opcode: LOOKUP (1), nodeid: 251, insize: 44, pid: 601
   unique: 138, error: -2 (No such file or directory), outsize: 16
unique: 139, opcode: CREATE (35), nodeid: 251, insize: 60, pid: 601
isdir: 251 is a dir
isfile: 252 is a file
getattr 00000000000000fc 1
isfile: 252 is a file
getfile 00000000000000fc
getfile 00000000000000fc -> sz 0
   getattr -> 0
   unique: 139, success, outsize: 160
OK: create returns.
unique: 140, opcode: WRITE (16), nodeid: 252, insize: 82, pid: 601
   unique: 140, success, outsize: 24
unique: 141, opcode: RELEASE (18), nodeid: 252, insize: 64, pid: 0
   unique: 141, success, outsize: 16
unique: 142, opcode: LOOKUP (1), nodeid: 1, insize: 45, pid: 601
isfile: 251 is not a file
getattr 00000000000000fb 0
isfile: 251 is not a file
isdir: 251 is a dir
getdir 00000000000000fb
   getattr -> 1570449484 1570449484 1570449484
   unique: 142, success, outsize: 144
unique: 143, opcode: LOOKUP (1), nodeid: 251, insize: 44, pid: 601
isfile: 252 is a file
getattr 00000000000000fc 1
isfile: 252 is a file
getfile 00000000000000fc
getfile 00000000000000fc -> sz 2
   getattr -> 2
   unique: 143, success, outsize: 144
unique: 144, opcode: UNLINK (10), nodeid: 251, insize: 44, pid: 601
   unique: 144, success, outsize: 16
unique: 145, opcode: LOOKUP (1), nodeid: 1, insize: 45, pid: 601
isfile: 251 is not a file
getattr 00000000000000fb 0
isfile: 251 is not a file
isdir: 251 is a dir
getdir 00000000000000fb
   getattr -> 1570449485 1570449485 1570449485
   unique: 145, success, outsize: 144
unique: 146, opcode: LOOKUP (1), nodeid: 251, insize: 43, pid: 601
   unique: 146, error: -2 (No such file or directory), outsize: 16
unique: 147, opcode: FORGET (2), nodeid: 252, insize: 48, pid: 0
unique: 148, opcode: LOOKUP (1), nodeid: 251, insize: 43, pid: 601
   unique: 148, error: -2 (No such file or directory), outsize: 16
unique: 149, opcode: LOOKUP (1), nodeid: 1, insize: 45, pid: 601
isfile: 251 is not a file
getattr 00000000000000fb 0
isfile: 251 is not a file
isdir: 251 is a dir
getdir 00000000000000fb
   getattr -> 1570449485 1570449485 1570449485
   unique: 149, success, outsize: 144
unique: 150, opcode: LOOKUP (1), nodeid: 251, insize: 43, pid: 601
   unique: 150, error: -2 (No such file or directory), outsize: 16
unique: 151, opcode: CREATE (35), nodeid: 251, insize: 59, pid: 601
isdir: 251 is a dir
isfile: 252 is a file
getattr 00000000000000fc 1
isfile: 252 is a file
getfile 00000000000000fc
getfile 00000000000000fc -> sz 0
   getattr -> 0
   unique: 151, success, outsize: 160
OK: create returns.
unique: 152, opcode: WRITE (16), nodeid: 252, insize: 83, pid: 601
   unique: 152, success, outsize: 24
unique: 153, opcode: RELEASE (18), nodeid: 252, insize: 64, pid: 0
   unique: 153, success, outsize: 16
unique: 154, opcode: LOOKUP (1), nodeid: 1, insize: 45, pid: 601
isfile: 251 is not a file
getattr 00000000000000fb 0
isfile: 251 is not a file
isdir: 251 is a dir
getdir 00000000000000fb
   getattr -> 1570449487 1570449486 1570449486
   unique: 154, success, outsize: 144
unique: 155, opcode: LOOKUP (1), nodeid: 251, insize: 43, pid: 601
isfile: 252 is a file
getattr 00000000000000fc 1
isfile: 252 is a file
getfile 00000000000000fc
getfile 00000000000000fc -> sz 6
   getattr -> 6
   unique: 155, success, outsize: 144
unique: 156, opcode: OPEN (14), nodeid: 252, insize: 48, pid: 601
   unique: 156, success, outsize: 32
unique: 157, opcode: WRITE (16), nodeid: 252, insize: 83, pid: 601
   unique: 157, success, outsize: 24
unique: 158, opcode: RELEASE (18), nodeid: 252, insize: 64, pid: 0
   unique: 158, success, outsize: 16
unique: 159, opcode: LOOKUP (1), nodeid: 1, insize: 45, pid: 601
isfile: 251 is not a file
getattr 00000000000000fb 0
isfile: 251 is not a file
isdir: 251 is a dir
getdir 00000000000000fb
   getattr -> 1570449488 1570449486 1570449486
   unique: 159, success, outsize: 144
unique: 160, opcode: LOOKUP (1), nodeid: 251, insize: 43, pid: 601
isfile: 252 is a file
getattr 00000000000000fc 1
isfile: 252 is a file
getfile 00000000000000fc
getfile 00000000000000fc -> sz 9
   getattr -> 9
   unique: 160, success, outsize: 144
unique: 161, opcode: OPEN (14), nodeid: 252, insize: 48, pid: 601
   unique: 161, success, outsize: 32
unique: 162, opcode: GETATTR (3), nodeid: 252, insize: 56, pid: 601
isfile: 252 is a file
getattr 00000000000000fc 1
isfile: 252 is a file
getfile 00000000000000fc
getfile 00000000000000fc -> sz 9
   getattr -> 9
   unique: 162, success, outsize: 120
unique: 163, opcode: READ (15), nodeid: 252, insize: 80, pid: 601
   unique: 163, success, outsize: 25
unique: 164, opcode: RELEASE (18), nodeid: 252, insize: 64, pid: 0
   unique: 164, success, outsize: 16
unique: 165, opcode: LOOKUP (1), nodeid: 1, insize: 45, pid: 601
isfile: 251 is not a file
getattr 00000000000000fb 0
isfile: 251 is not a file
isdir: 251 is a dir
getdir 00000000000000fb
   getattr -> 1570449488 1570449486 1570449486
   unique: 165, success, outsize: 144
unique: 166, opcode: OPENDIR (27), nodeid: 251, insize: 48, pid: 601
   unique: 166, success, outsize: 32
unique: 167, opcode: GETATTR (3), nodeid: 251, insize: 56, pid: 601
isfile: 251 is not a file
getattr 00000000000000fb 0
isfile: 251 is not a file
isdir: 251 is a dir
getdir 00000000000000fb
   getattr -> 1570449488 1570449486 1570449486
   unique: 167, success, outsize: 120
unique: 168, opcode: READDIR (28), nodeid: 251, insize: 80, pid: 601
fuseserver_readdir
isdir: 251 is a dir
   unique: 168, success, outsize: 48
unique: 169, opcode: READDIR (28), nodeid: 251, insize: 80, pid: 601
fuseserver_readdir
isdir: 251 is a dir
   unique: 169, success, outsize: 16
unique: 170, opcode: RELEASEDIR (29), nodeid: 251, insize: 64, pid: 0
   unique: 170, success, outsize: 16
unique: 171, opcode: LOOKUP (1), nodeid: 1, insize: 45, pid: 601
isfile: 251 is not a file
getattr 00000000000000fb 0
isfile: 251 is not a file
isdir: 251 is a dir
getdir 00000000000000fb
   getattr -> 1570449489 1570449489 1570449489
   unique: 171, success, outsize: 144
unique: 172, opcode: OPENDIR (27), nodeid: 251, insize: 48, pid: 601
   unique: 172, success, outsize: 32
unique: 173, opcode: GETATTR (3), nodeid: 251, insize: 56, pid: 601
isfile: 251 is not a file
getattr 00000000000000fb 0
isfile: 251 is not a file
isdir: 251 is a dir
getdir 00000000000000fb
   getattr -> 1570449489 1570449489 1570449489
   unique: 173, success, outsize: 120
unique: 174, opcode: READDIR (28), nodeid: 251, insize: 80, pid: 601
fuseserver_readdir
isdir: 251 is a dir
   unique: 174, success, outsize: 16
unique: 175, opcode: RELEASEDIR (29), nodeid: 251, insize: 64, pid: 0
   unique: 175, success, outsize: 16
unique: 176, opcode: LOOKUP (1), nodeid: 1, insize: 45, pid: 601
isfile: 251 is not a file
getattr 00000000000000fb 0
isfile: 251 is not a file
isdir: 251 is a dir
getdir 00000000000000fb
   getattr -> 1570449489 1570449489 1570449489
   unique: 176, success, outsize: 144
unique: 177, opcode: LOOKUP (1), nodeid: 251, insize: 43, pid: 601
   unique: 177, error: -2 (No such file or directory), outsize: 16
unique: 178, opcode: CREATE (35), nodeid: 251, insize: 59, pid: 601
isdir: 251 is a dir
isfile: 252 is a file
getattr 00000000000000fc 1
isfile: 252 is a file
getfile 00000000000000fc
getfile 00000000000000fc -> sz 0
   getattr -> 0
   unique: 178, success, outsize: 160
OK: create returns.
unique: 179, opcode: WRITE (16), nodeid: 252, insize: 83, pid: 601
   unique: 179, success, outsize: 24
unique: 180, opcode: RELEASE (18), nodeid: 252, insize: 64, pid: 0
   unique: 180, success, outsize: 16
unique: 181, opcode: LOOKUP (1), nodeid: 1, insize: 45, pid: 601
isfile: 251 is not a file
getattr 00000000000000fb 0
isfile: 251 is not a file
isdir: 251 is a dir
getdir 00000000000000fb
   getattr -> 1570449491 1570449491 1570449491
   unique: 181, success, outsize: 144
unique: 182, opcode: OPENDIR (27), nodeid: 251, insize: 48, pid: 601
   unique: 182, success, outsize: 32
unique: 183, opcode: GETATTR (3), nodeid: 251, insize: 56, pid: 601
isfile: 251 is not a file
getattr 00000000000000fb 0
isfile: 251 is not a file
isdir: 251 is a dir
getdir 00000000000000fb
   getattr -> 1570449491 1570449491 1570449491
   unique: 183, success, outsize: 120
unique: 184, opcode: READDIR (28), nodeid: 251, insize: 80, pid: 601
fuseserver_readdir
isdir: 251 is a dir
   unique: 184, success, outsize: 80
unique: 185, opcode: READDIR (28), nodeid: 251, insize: 80, pid: 601
fuseserver_readdir
isdir: 251 is a dir
   unique: 185, success, outsize: 16
unique: 186, opcode: RELEASEDIR (29), nodeid: 251, insize: 64, pid: 0
   unique: 186, success, outsize: 16
unique: 187, opcode: LOOKUP (1), nodeid: 1, insize: 45, pid: 601
isfile: 251 is not a file
getattr 00000000000000fb 0
isfile: 251 is not a file
isdir: 251 is a dir
getdir 00000000000000fb
   getattr -> 1570449491 1570449491 1570449491
   unique: 187, success, outsize: 144
unique: 188, opcode: LOOKUP (1), nodeid: 251, insize: 43, pid: 601
isfile: 252 is a file
getattr 00000000000000fc 1
isfile: 252 is a file
getfile 00000000000000fc
getfile 00000000000000fc -> sz 3
   getattr -> 3
   unique: 188, success, outsize: 144
unique: 189, opcode: UNLINK (10), nodeid: 251, insize: 43, pid: 601
   unique: 189, success, outsize: 16
unique: 190, opcode: LOOKUP (1), nodeid: 1, insize: 45, pid: 601
isfile: 251 is not a file
getattr 00000000000000fb 0
isfile: 251 is not a file
isdir: 251 is a dir
getdir 00000000000000fb
   getattr -> 1570449492 1570449492 1570449492
   unique: 190, success, outsize: 144
unique: 191, opcode: OPENDIR (27), nodeid: 251, insize: 48, pid: 601
   unique: 191, success, outsize: 32
unique: 192, opcode: GETATTR (3), nodeid: 251, insize: 56, pid: 601
isfile: 251 is not a file
getattr 00000000000000fb 0
isfile: 251 is not a file
isdir: 251 is a dir
getdir 00000000000000fb
   getattr -> 1570449492 1570449492 1570449492
   unique: 192, success, outsize: 120
unique: 193, opcode: READDIR (28), nodeid: 251, insize: 80, pid: 601
fuseserver_readdir
isdir: 251 is a dir
   unique: 193, success, outsize: 48
unique: 194, opcode: READDIR (28), nodeid: 251, insize: 80, pid: 601
fuseserver_readdir
isdir: 251 is a dir
   unique: 194, success, outsize: 16
unique: 195, opcode: RELEASEDIR (29), nodeid: 251, insize: 64, pid: 0
   unique: 195, success, outsize: 16
unique: 196, opcode: LOOKUP (1), nodeid: 1, insize: 45, pid: 601
isfile: 251 is not a file
getattr 00000000000000fb 0
isfile: 251 is not a file
isdir: 251 is a dir
getdir 00000000000000fb
   getattr -> 1570449492 1570449492 1570449492
   unique: 196, success, outsize: 144
unique: 197, opcode: LOOKUP (1), nodeid: 251, insize: 43, pid: 601
isfile: 253 is a file
getattr 00000000000000fd 1
isfile: 253 is a file
getfile 00000000000000fd
getfile 00000000000000fd -> sz 3
   getattr -> 3
   unique: 197, success, outsize: 144
unique: 198, opcode: UNLINK (10), nodeid: 251, insize: 43, pid: 601
   unique: 198, success, outsize: 16
unique: 199, opcode: FORGET (2), nodeid: 253, insize: 48, pid: 0
unique: 200, opcode: LOOKUP (1), nodeid: 1, insize: 45, pid: 601
isfile: 251 is not a file
getattr 00000000000000fb 0
isfile: 251 is not a file
isdir: 251 is a dir
getdir 00000000000000fb
   getattr -> 1570449493 1570449493 1570449493
   unique: 200, success, outsize: 144
unique: 201, opcode: OPENDIR (27), nodeid: 251, insize: 48, pid: 601
   unique: 201, success, outsize: 32
unique: 202, opcode: GETATTR (3), nodeid: 251, insize: 56, pid: 601
isfile: 251 is not a file
getattr 00000000000000fb 0
isfile: 251 is not a file
isdir: 251 is a dir
getdir 00000000000000fb
   getattr -> 1570449493 1570449493 1570449493
   unique: 202, success, outsize: 120
unique: 203, opcode: READDIR (28), nodeid: 251, insize: 80, pid: 601
fuseserver_readdir
isdir: 251 is a dir
   unique: 203, success, outsize: 16
unique: 204, opcode: RELEASEDIR (29), nodeid: 251, insize: 64, pid: 0
   unique: 204, success, outsize: 16
unique: 205, opcode: LOOKUP (1), nodeid: 1, insize: 45, pid: 601
isfile: 251 is not a file
getattr 00000000000000fb 0
isfile: 251 is not a file
isdir: 251 is a dir
getdir 00000000000000fb
   getattr -> 1570449494 1570449494 1570449494
   unique: 205, success, outsize: 144
unique: 206, opcode: LOOKUP (1), nodeid: 251, insize: 45, pid: 601
   unique: 206, error: -2 (No such file or directory), outsize: 16
unique: 207, opcode: CREATE (35), nodeid: 251, insize: 61, pid: 601
isdir: 251 is a dir
isfile: 262 is a file
getattr 0000000000000106 1
isfile: 262 is a file
getfile 0000000000000106
getfile 0000000000000106 -> sz 0
   getattr -> 0
   unique: 207, success, outsize: 160
OK: create returns.
unique: 208, opcode: WRITE (16), nodeid: 262, insize: 84, pid: 601
   unique: 208, success, outsize: 24
unique: 209, opcode: RELEASE (18), nodeid: 262, insize: 64, pid: 0
   unique: 209, success, outsize: 16
unique: 210, opcode: LOOKUP (1), nodeid: 1, insize: 45, pid: 601
isfile: 251 is not a file
getattr 00000000000000fb 0
isfile: 251 is not a file
isdir: 251 is a dir
getdir 00000000000000fb
   getattr -> 1570449495 1570449495 1570449495
   unique: 210, success, outsize: 144
unique: 211, opcode: LOOKUP (1), nodeid: 251, insize: 45, pid: 601
   unique: 211, error: -2 (No such file or directory), outsize: 16
unique: 212, opcode: CREATE (35), nodeid: 251, insize: 61, pid: 601
isdir: 251 is a dir
isfile: 263 is a file
getattr 0000000000000107 1
isfile: 263 is a file
getfile 0000000000000107
getfile 0000000000000107 -> sz 0
   getattr -> 0
   unique: 212, success, outsize: 160
OK: create returns.
unique: 213, opcode: WRITE (16), nodeid: 263, insize: 84, pid: 601
   unique: 213, success, outsize: 24
unique: 214, opcode: RELEASE (18), nodeid: 263, insize: 64, pid: 0
   unique: 214, success, outsize: 16
unique: 215, opcode: LOOKUP (1), nodeid: 1, insize: 45, pid: 601
isfile: 251 is not a file
getattr 00000000000000fb 0
isfile: 251 is not a file
isdir: 251 is a dir
getdir 00000000000000fb
   getattr -> 1570449495 1570449495 1570449495
   unique: 215, success, outsize: 144
unique: 216, opcode: LOOKUP (1), nodeid: 251, insize: 45, pid: 601
   unique: 216, error: -2 (No such file or directory), outsize: 16
unique: 217, opcode: CREATE (35), nodeid: 251, insize: 61, pid: 601
isdir: 251 is a dir
isfile: 264 is a file
getattr 0000000000000108 1
isfile: 264 is a file
getfile 0000000000000108
getfile 0000000000000108 -> sz 0
   getattr -> 0
   unique: 217, success, outsize: 160
OK: create returns.
unique: 218, opcode: WRITE (16), nodeid: 264, insize: 84, pid: 601
   unique: 218, success, outsize: 24
unique: 219, opcode: RELEASE (18), nodeid: 264, insize: 64, pid: 0
   unique: 219, success, outsize: 16
unique: 220, opcode: LOOKUP (1), nodeid: 1, insize: 45, pid: 601
isfile: 251 is not a file
getattr 00000000000000fb 0
isfile: 251 is not a file
isdir: 251 is a dir
getdir 00000000000000fb
   getattr -> 1570449495 1570449495 1570449495
   unique: 220, success, outsize: 144
unique: 221, opcode: LOOKUP (1), nodeid: 251, insize: 45, pid: 601
   unique: 221, error: -2 (No such file or directory), outsize: 16
unique: 222, opcode: CREATE (35), nodeid: 251, insize: 61, pid: 601
isdir: 251 is a dir
isfile: 265 is a file
getattr 0000000000000109 1
isfile: 265 is a file
getfile 0000000000000109
getfile 0000000000000109 -> sz 0
   getattr -> 0
   unique: 222, success, outsize: 160
OK: create returns.
unique: 223, opcode: WRITE (16), nodeid: 265, insize: 84, pid: 601
   unique: 223, success, outsize: 24
unique: 224, opcode: RELEASE (18), nodeid: 265, insize: 64, pid: 0
   unique: 224, success, outsize: 16
unique: 225, opcode: LOOKUP (1), nodeid: 1, insize: 45, pid: 601
isfile: 251 is not a file
getattr 00000000000000fb 0
isfile: 251 is not a file
isdir: 251 is a dir
getdir 00000000000000fb
   getattr -> 1570449495 1570449495 1570449495
   unique: 225, success, outsize: 144
unique: 226, opcode: LOOKUP (1), nodeid: 251, insize: 45, pid: 601
   unique: 226, error: -2 (No such file or directory), outsize: 16
unique: 227, opcode: CREATE (35), nodeid: 251, insize: 61, pid: 601
isdir: 251 is a dir
isfile: 266 is a file
getattr 000000000000010a 1
isfile: 266 is a file
getfile 000000000000010a
getfile 000000000000010a -> sz 0
   getattr -> 0
   unique: 227, success, outsize: 160
OK: create returns.
unique: 228, opcode: WRITE (16), nodeid: 266, insize: 84, pid: 601
   unique: 228, success, outsize: 24
unique: 229, opcode: RELEASE (18), nodeid: 266, insize: 64, pid: 0
   unique: 229, success, outsize: 16
unique: 230, opcode: LOOKUP (1), nodeid: 1, insize: 45, pid: 601
isfile: 251 is not a file
getattr 00000000000000fb 0
isfile: 251 is not a file
isdir: 251 is a dir
getdir 00000000000000fb
   getattr -> 1570449495 1570449495 1570449495
   unique: 230, success, outsize: 144
unique: 231, opcode: LOOKUP (1), nodeid: 251, insize: 45, pid: 601
   unique: 231, error: -2 (No such file or directory), outsize: 16
unique: 232, opcode: CREATE (35), nodeid: 251, insize: 61, pid: 601
isdir: 251 is a dir
isfile: 267 is a file
getattr 000000000000010b 1
isfile: 267 is a file
getfile 000000000000010b
getfile 000000000000010b -> sz 0
   getattr -> 0
   unique: 232, success, outsize: 160
OK: create returns.
unique: 233, opcode: WRITE (16), nodeid: 267, insize: 84, pid: 601
   unique: 233, success, outsize: 24
unique: 234, opcode: RELEASE (18), nodeid: 267, insize: 64, pid: 0
   unique: 234, success, outsize: 16
unique: 235, opcode: LOOKUP (1), nodeid: 1, insize: 45, pid: 601
isfile: 251 is not a file
getattr 00000000000000fb 0
isfile: 251 is not a file
isdir: 251 is a dir
getdir 00000000000000fb
   getattr -> 1570449495 1570449495 1570449495
   unique: 235, success, outsize: 144
unique: 236, opcode: LOOKUP (1), nodeid: 251, insize: 45, pid: 601
   unique: 236, error: -2 (No such file or directory), outsize: 16
unique: 237, opcode: CREATE (35), nodeid: 251, insize: 61, pid: 601
isdir: 251 is a dir
isfile: 268 is a file
getattr 000000000000010c 1
isfile: 268 is a file
getfile 000000000000010c
getfile 000000000000010c -> sz 0
   getattr -> 0
   unique: 237, success, outsize: 160
OK: create returns.
unique: 238, opcode: WRITE (16), nodeid: 268, insize: 84, pid: 601
   unique: 238, success, outsize: 24
unique: 239, opcode: RELEASE (18), nodeid: 268, insize: 64, pid: 0
   unique: 239, success, outsize: 16
unique: 240, opcode: LOOKUP (1), nodeid: 1, insize: 45, pid: 601
isfile: 251 is not a file
getattr 00000000000000fb 0
isfile: 251 is not a file
isdir: 251 is a dir
getdir 00000000000000fb
   getattr -> 1570449495 1570449495 1570449495
   unique: 240, success, outsize: 144
unique: 241, opcode: LOOKUP (1), nodeid: 251, insize: 45, pid: 601
   unique: 241, error: -2 (No such file or directory), outsize: 16
unique: 242, opcode: CREATE (35), nodeid: 251, insize: 61, pid: 601
isdir: 251 is a dir
isfile: 269 is a file
getattr 000000000000010d 1
isfile: 269 is a file
getfile 000000000000010d
getfile 000000000000010d -> sz 0
   getattr -> 0
   unique: 242, success, outsize: 160
OK: create returns.
unique: 243, opcode: WRITE (16), nodeid: 269, insize: 84, pid: 601
   unique: 243, success, outsize: 24
unique: 244, opcode: RELEASE (18), nodeid: 269, insize: 64, pid: 0
   unique: 244, success, outsize: 16
unique: 245, opcode: LOOKUP (1), nodeid: 1, insize: 45, pid: 601
isfile: 251 is not a file
getattr 00000000000000fb 0
isfile: 251 is not a file
isdir: 251 is a dir
getdir 00000000000000fb
   getattr -> 1570449495 1570449495 1570449495
   unique: 245, success, outsize: 144
unique: 246, opcode: LOOKUP (1), nodeid: 251, insize: 45, pid: 601
   unique: 246, error: -2 (No such file or directory), outsize: 16
unique: 247, opcode: CREATE (35), nodeid: 251, insize: 61, pid: 601
isdir: 251 is a dir
isfile: 270 is a file
getattr 000000000000010e 1
isfile: 270 is a file
getfile 000000000000010e
getfile 000000000000010e -> sz 0
   getattr -> 0
   unique: 247, success, outsize: 160
OK: create returns.
unique: 248, opcode: WRITE (16), nodeid: 270, insize: 84, pid: 601
   unique: 248, success, outsize: 24
unique: 249, opcode: RELEASE (18), nodeid: 270, insize: 64, pid: 0
   unique: 249, success, outsize: 16
unique: 250, opcode: LOOKUP (1), nodeid: 1, insize: 45, pid: 601
isfile: 251 is not a file
getattr 00000000000000fb 0
isfile: 251 is not a file
isdir: 251 is a dir
getdir 00000000000000fb
   getattr -> 1570449495 1570449495 1570449495
   unique: 250, success, outsize: 144
unique: 251, opcode: LOOKUP (1), nodeid: 251, insize: 45, pid: 601
   unique: 251, error: -2 (No such file or directory), outsize: 16
unique: 252, opcode: CREATE (35), nodeid: 251, insize: 61, pid: 601
isdir: 251 is a dir
isfile: 271 is a file
getattr 000000000000010f 1
isfile: 271 is a file
getfile 000000000000010f
getfile 000000000000010f -> sz 0
   getattr -> 0
   unique: 252, success, outsize: 160
OK: create returns.
unique: 253, opcode: WRITE (16), nodeid: 271, insize: 84, pid: 601
   unique: 253, success, outsize: 24
unique: 254, opcode: RELEASE (18), nodeid: 271, insize: 64, pid: 0
   unique: 254, success, outsize: 16
unique: 255, opcode: LOOKUP (1), nodeid: 1, insize: 45, pid: 601
isfile: 251 is not a file
getattr 00000000000000fb 0
isfile: 251 is not a file
isdir: 251 is a dir
getdir 00000000000000fb
   getattr -> 1570449495 1570449495 1570449495
   unique: 255, success, outsize: 144
unique: 256, opcode: OPENDIR (27), nodeid: 251, insize: 48, pid: 601
   unique: 256, success, outsize: 32
unique: 257, opcode: GETATTR (3), nodeid: 251, insize: 56, pid: 601
isfile: 251 is not a file
getattr 00000000000000fb 0
isfile: 251 is not a file
isdir: 251 is a dir
getdir 00000000000000fb
   getattr -> 1570449495 1570449495 1570449495
   unique: 257, success, outsize: 120
unique: 258, opcode: READDIR (28), nodeid: 251, insize: 80, pid: 601
fuseserver_readdir
isdir: 251 is a dir
   unique: 258, success, outsize: 656
unique: 259, opcode: READDIR (28), nodeid: 251, insize: 80, pid: 601
fuseserver_readdir
isdir: 251 is a dir
   unique: 259, success, outsize: 16
unique: 260, opcode: RELEASEDIR (29), nodeid: 251, insize: 64, pid: 0
   unique: 260, success, outsize: 16
unique: 261, opcode: LOOKUP (1), nodeid: 1, insize: 45, pid: 601
isfile: 251 is not a file
getattr 00000000000000fb 0
isfile: 251 is not a file
isdir: 251 is a dir
getdir 00000000000000fb
   getattr -> 1570449495 1570449495 1570449495
   unique: 261, success, outsize: 144
unique: 262, opcode: LOOKUP (1), nodeid: 251, insize: 45, pid: 601
isfile: 262 is a file
getattr 0000000000000106 1
isfile: 262 is a file
getfile 0000000000000106
getfile 0000000000000106 -> sz 4
   getattr -> 4
   unique: 262, success, outsize: 144
unique: 263, opcode: OPEN (14), nodeid: 262, insize: 48, pid: 601
   unique: 263, success, outsize: 32
unique: 264, opcode: READ (15), nodeid: 262, insize: 80, pid: 601
   unique: 264, success, outsize: 20
unique: 265, opcode: RELEASE (18), nodeid: 262, insize: 64, pid: 0
   unique: 265, success, outsize: 16
unique: 266, opcode: LOOKUP (1), nodeid: 1, insize: 45, pid: 601
isfile: 251 is not a file
getattr 00000000000000fb 0
isfile: 251 is not a file
isdir: 251 is a dir
getdir 00000000000000fb
   getattr -> 1570449495 1570449495 1570449495
   unique: 266, success, outsize: 144
unique: 267, opcode: LOOKUP (1), nodeid: 251, insize: 45, pid: 601
isfile: 263 is a file
getattr 0000000000000107 1
isfile: 263 is a file
getfile 0000000000000107
getfile 0000000000000107 -> sz 4
   getattr -> 4
   unique: 267, success, outsize: 144
unique: 268, opcode: OPEN (14), nodeid: 263, insize: 48, pid: 601
   unique: 268, success, outsize: 32
unique: 269, opcode: READ (15), nodeid: 263, insize: 80, pid: 601
   unique: 269, success, outsize: 20
unique: 270, opcode: RELEASE (18), nodeid: 263, insize: 64, pid: 0
   unique: 270, success, outsize: 16
unique: 271, opcode: LOOKUP (1), nodeid: 1, insize: 45, pid: 601
isfile: 251 is not a file
getattr 00000000000000fb 0
isfile: 251 is not a file
isdir: 251 is a dir
getdir 00000000000000fb
   getattr -> 1570449495 1570449495 1570449495
   unique: 271, success, outsize: 144
unique: 272, opcode: LOOKUP (1), nodeid: 251, insize: 45, pid: 601
isfile: 264 is a file
getattr 0000000000000108 1
isfile: 264 is a file
getfile 0000000000000108
getfile 0000000000000108 -> sz 4
   getattr -> 4
   unique: 272, success, outsize: 144
unique: 273, opcode: OPEN (14), nodeid: 264, insize: 48, pid: 601
   unique: 273, success, outsize: 32
unique: 274, opcode: READ (15), nodeid: 264, insize: 80, pid: 601
   unique: 274, success, outsize: 20
unique: 275, opcode: RELEASE (18), nodeid: 264, insize: 64, pid: 0
   unique: 275, success, outsize: 16
unique: 276, opcode: LOOKUP (1), nodeid: 1, insize: 45, pid: 601
isfile: 251 is not a file
getattr 00000000000000fb 0
isfile: 251 is not a file
isdir: 251 is a dir
getdir 00000000000000fb
   getattr -> 1570449495 1570449495 1570449495
   unique: 276, success, outsize: 144
unique: 277, opcode: LOOKUP (1), nodeid: 251, insize: 45, pid: 601
isfile: 265 is a file
getattr 0000000000000109 1
isfile: 265 is a file
getfile 0000000000000109
getfile 0000000000000109 -> sz 4
   getattr -> 4
   unique: 277, success, outsize: 144
unique: 278, opcode: OPEN (14), nodeid: 265, insize: 48, pid: 601
   unique: 278, success, outsize: 32
unique: 279, opcode: READ (15), nodeid: 265, insize: 80, pid: 601
   unique: 279, success, outsize: 20
unique: 280, opcode: RELEASE (18), nodeid: 265, insize: 64, pid: 0
   unique: 280, success, outsize: 16
unique: 281, opcode: LOOKUP (1), nodeid: 1, insize: 45, pid: 601
isfile: 251 is not a file
getattr 00000000000000fb 0
isfile: 251 is not a file
isdir: 251 is a dir
getdir 00000000000000fb
   getattr -> 1570449495 1570449495 1570449495
   unique: 281, success, outsize: 144
unique: 282, opcode: LOOKUP (1), nodeid: 251, insize: 45, pid: 601
isfile: 266 is a file
getattr 000000000000010a 1
isfile: 266 is a file
getfile 000000000000010a
getfile 000000000000010a -> sz 4
   getattr -> 4
   unique: 282, success, outsize: 144
unique: 283, opcode: OPEN (14), nodeid: 266, insize: 48, pid: 601
   unique: 283, success, outsize: 32
unique: 284, opcode: READ (15), nodeid: 266, insize: 80, pid: 601
   unique: 284, success, outsize: 20
unique: 285, opcode: RELEASE (18), nodeid: 266, insize: 64, pid: 0
   unique: 285, success, outsize: 16
unique: 286, opcode: LOOKUP (1), nodeid: 1, insize: 45, pid: 601
isfile: 251 is not a file
getattr 00000000000000fb 0
isfile: 251 is not a file
isdir: 251 is a dir
getdir 00000000000000fb
   getattr -> 1570449495 1570449495 1570449495
   unique: 286, success, outsize: 144
unique: 287, opcode: LOOKUP (1), nodeid: 251, insize: 45, pid: 601
isfile: 267 is a file
getattr 000000000000010b 1
isfile: 267 is a file
getfile 000000000000010b
getfile 000000000000010b -> sz 4
   getattr -> 4
   unique: 287, success, outsize: 144
unique: 288, opcode: OPEN (14), nodeid: 267, insize: 48, pid: 601
   unique: 288, success, outsize: 32
unique: 289, opcode: READ (15), nodeid: 267, insize: 80, pid: 601
   unique: 289, success, outsize: 20
unique: 290, opcode: RELEASE (18), nodeid: 267, insize: 64, pid: 0
   unique: 290, success, outsize: 16
unique: 291, opcode: LOOKUP (1), nodeid: 1, insize: 45, pid: 601
isfile: 251 is not a file
getattr 00000000000000fb 0
isfile: 251 is not a file
isdir: 251 is a dir
getdir 00000000000000fb
   getattr -> 1570449495 1570449495 1570449495
   unique: 291, success, outsize: 144
unique: 292, opcode: LOOKUP (1), nodeid: 251, insize: 45, pid: 601
isfile: 268 is a file
getattr 000000000000010c 1
isfile: 268 is a file
getfile 000000000000010c
getfile 000000000000010c -> sz 4
   getattr -> 4
   unique: 292, success, outsize: 144
unique: 293, opcode: OPEN (14), nodeid: 268, insize: 48, pid: 601
   unique: 293, success, outsize: 32
unique: 294, opcode: READ (15), nodeid: 268, insize: 80, pid: 601
   unique: 294, success, outsize: 20
unique: 295, opcode: RELEASE (18), nodeid: 268, insize: 64, pid: 0
   unique: 295, success, outsize: 16
unique: 296, opcode: LOOKUP (1), nodeid: 1, insize: 45, pid: 601
isfile: 251 is not a file
getattr 00000000000000fb 0
isfile: 251 is not a file
isdir: 251 is a dir
getdir 00000000000000fb
   getattr -> 1570449495 1570449495 1570449495
   unique: 296, success, outsize: 144
unique: 297, opcode: LOOKUP (1), nodeid: 251, insize: 45, pid: 601
isfile: 269 is a file
getattr 000000000000010d 1
isfile: 269 is a file
getfile 000000000000010d
getfile 000000000000010d -> sz 4
   getattr -> 4
   unique: 297, success, outsize: 144
unique: 298, opcode: OPEN (14), nodeid: 269, insize: 48, pid: 601
   unique: 298, success, outsize: 32
unique: 299, opcode: READ (15), nodeid: 269, insize: 80, pid: 601
   unique: 299, success, outsize: 20
unique: 300, opcode: RELEASE (18), nodeid: 269, insize: 64, pid: 0
   unique: 300, success, outsize: 16
unique: 301, opcode: LOOKUP (1), nodeid: 1, insize: 45, pid: 601
isfile: 251 is not a file
getattr 00000000000000fb 0
isfile: 251 is not a file
isdir: 251 is a dir
getdir 00000000000000fb
   getattr -> 1570449495 1570449495 1570449495
   unique: 301, success, outsize: 144
unique: 302, opcode: LOOKUP (1), nodeid: 251, insize: 45, pid: 601
isfile: 270 is a file
getattr 000000000000010e 1
isfile: 270 is a file
getfile 000000000000010e
getfile 000000000000010e -> sz 4
   getattr -> 4
   unique: 302, success, outsize: 144
unique: 303, opcode: OPEN (14), nodeid: 270, insize: 48, pid: 601
   unique: 303, success, outsize: 32
unique: 304, opcode: READ (15), nodeid: 270, insize: 80, pid: 601
   unique: 304, success, outsize: 20
unique: 305, opcode: RELEASE (18), nodeid: 270, insize: 64, pid: 0
   unique: 305, success, outsize: 16
unique: 306, opcode: LOOKUP (1), nodeid: 1, insize: 45, pid: 601
isfile: 251 is not a file
getattr 00000000000000fb 0
isfile: 251 is not a file
isdir: 251 is a dir
getdir 00000000000000fb
   getattr -> 1570449495 1570449495 1570449495
   unique: 306, success, outsize: 144
unique: 307, opcode: LOOKUP (1), nodeid: 251, insize: 45, pid: 601
isfile: 271 is a file
getattr 000000000000010f 1
isfile: 271 is a file
getfile 000000000000010f
getfile 000000000000010f -> sz 4
   getattr -> 4
   unique: 307, success, outsize: 144
unique: 308, opcode: OPEN (14), nodeid: 271, insize: 48, pid: 601
   unique: 308, success, outsize: 32
unique: 309, opcode: READ (15), nodeid: 271, insize: 80, pid: 601
   unique: 309, success, outsize: 20
unique: 310, opcode: RELEASE (18), nodeid: 271, insize: 64, pid: 0
   unique: 310, success, outsize: 16
unique: 311, opcode: LOOKUP (1), nodeid: 1, insize: 45, pid: 601
isfile: 251 is not a file
getattr 00000000000000fb 0
isfile: 251 is not a file
isdir: 251 is a dir
getdir 00000000000000fb
   getattr -> 1570449495 1570449495 1570449495
   unique: 311, success, outsize: 144
unique: 312, opcode: LOOKUP (1), nodeid: 251, insize: 45, pid: 601
isfile: 252 is a file
getattr 00000000000000fc 1
isfile: 252 is a file
getfile 00000000000000fc
getfile 00000000000000fc -> sz 4
   getattr -> 4
   unique: 312, success, outsize: 144
unique: 313, opcode: OPEN (14), nodeid: 252, insize: 48, pid: 601
   unique: 313, success, outsize: 32
unique: 314, opcode: READ (15), nodeid: 252, insize: 80, pid: 601
   unique: 314, success, outsize: 20
unique: 315, opcode: RELEASE (18), nodeid: 252, insize: 64, pid: 0
   unique: 315, success, outsize: 16
unique: 316, opcode: LOOKUP (1), nodeid: 1, insize: 45, pid: 601
isfile: 251 is not a file
getattr 00000000000000fb 0
isfile: 251 is not a file
isdir: 251 is a dir
getdir 00000000000000fb
   getattr -> 1570449495 1570449495 1570449495
   unique: 316, success, outsize: 144
unique: 317, opcode: LOOKUP (1), nodeid: 251, insize: 45, pid: 601
isfile: 253 is a file
getattr 00000000000000fd 1
isfile: 253 is a file
getfile 00000000000000fd
getfile 00000000000000fd -> sz 4
   getattr -> 4
   unique: 317, success, outsize: 144
unique: 318, opcode: OPEN (14), nodeid: 253, insize: 48, pid: 601
   unique: 318, success, outsize: 32
unique: 319, opcode: READ (15), nodeid: 253, insize: 80, pid: 601
   unique: 319, success, outsize: 20
unique: 320, opcode: RELEASE (18), nodeid: 253, insize: 64, pid: 0
   unique: 320, success, outsize: 16
unique: 321, opcode: LOOKUP (1), nodeid: 1, insize: 45, pid: 601
isfile: 251 is not a file
getattr 00000000000000fb 0
isfile: 251 is not a file
isdir: 251 is a dir
getdir 00000000000000fb
   getattr -> 1570449495 1570449495 1570449495
   unique: 321, success, outsize: 144
unique: 322, opcode: LOOKUP (1), nodeid: 251, insize: 45, pid: 601
isfile: 254 is a file
getattr 00000000000000fe 1
isfile: 254 is a file
getfile 00000000000000fe
getfile 00000000000000fe -> sz 4
   getattr -> 4
   unique: 322, success, outsize: 144
unique: 323, opcode: OPEN (14), nodeid: 254, insize: 48, pid: 601
   unique: 323, success, outsize: 32
unique: 324, opcode: READ (15), nodeid: 254, insize: 80, pid: 601
   unique: 324, success, outsize: 20
unique: 325, opcode: RELEASE (18), nodeid: 254, insize: 64, pid: 0
   unique: 325, success, outsize: 16
unique: 326, opcode: LOOKUP (1), nodeid: 1, insize: 45, pid: 601
isfile: 251 is not a file
getattr 00000000000000fb 0
isfile: 251 is not a file
isdir: 251 is a dir
getdir 00000000000000fb
   getattr -> 1570449495 1570449495 1570449495
   unique: 326, success, outsize: 144
unique: 327, opcode: LOOKUP (1), nodeid: 251, insize: 45, pid: 601
isfile: 255 is a file
getattr 00000000000000ff 1
isfile: 255 is a file
getfile 00000000000000ff
getfile 00000000000000ff -> sz 4
   getattr -> 4
   unique: 327, success, outsize: 144
unique: 328, opcode: OPEN (14), nodeid: 255, insize: 48, pid: 601
   unique: 328, success, outsize: 32
unique: 329, opcode: READ (15), nodeid: 255, insize: 80, pid: 601
   unique: 329, success, outsize: 20
unique: 330, opcode: RELEASE (18), nodeid: 255, insize: 64, pid: 0
   unique: 330, success, outsize: 16
unique: 331, opcode: LOOKUP (1), nodeid: 1, insize: 45, pid: 601
isfile: 251 is not a file
getattr 00000000000000fb 0
isfile: 251 is not a file
isdir: 251 is a dir
getdir 00000000000000fb
   getattr -> 1570449495 1570449495 1570449495
   unique: 331, success, outsize: 144
unique: 332, opcode: LOOKUP (1), nodeid: 251, insize: 45, pid: 601
isfile: 256 is a file
getattr 0000000000000100 1
isfile: 256 is a file
getfile 0000000000000100
getfile 0000000000000100 -> sz 4
   getattr -> 4
   unique: 332, success, outsize: 144
unique: 333, opcode: OPEN (14), nodeid: 256, insize: 48, pid: 601
   unique: 333, success, outsize: 32
unique: 334, opcode: READ (15), nodeid: 256, insize: 80, pid: 601
   unique: 334, success, outsize: 20
unique: 335, opcode: RELEASE (18), nodeid: 256, insize: 64, pid: 0
   unique: 335, success, outsize: 16
unique: 336, opcode: LOOKUP (1), nodeid: 1, insize: 45, pid: 601
isfile: 251 is not a file
getattr 00000000000000fb 0
isfile: 251 is not a file
isdir: 251 is a dir
getdir 00000000000000fb
   getattr -> 1570449495 1570449495 1570449495
   unique: 336, success, outsize: 144
unique: 337, opcode: LOOKUP (1), nodeid: 251, insize: 45, pid: 601
isfile: 257 is a file
getattr 0000000000000101 1
isfile: 257 is a file
getfile 0000000000000101
getfile 0000000000000101 -> sz 4
   getattr -> 4
   unique: 337, success, outsize: 144
unique: 338, opcode: OPEN (14), nodeid: 257, insize: 48, pid: 601
   unique: 338, success, outsize: 32
unique: 339, opcode: READ (15), nodeid: 257, insize: 80, pid: 601
   unique: 339, success, outsize: 20
unique: 340, opcode: RELEASE (18), nodeid: 257, insize: 64, pid: 0
   unique: 340, success, outsize: 16
unique: 341, opcode: LOOKUP (1), nodeid: 1, insize: 45, pid: 601
isfile: 251 is not a file
getattr 00000000000000fb 0
isfile: 251 is not a file
isdir: 251 is a dir
getdir 00000000000000fb
   getattr -> 1570449495 1570449495 1570449495
   unique: 341, success, outsize: 144
unique: 342, opcode: LOOKUP (1), nodeid: 251, insize: 45, pid: 601
isfile: 258 is a file
getattr 0000000000000102 1
isfile: 258 is a file
getfile 0000000000000102
getfile 0000000000000102 -> sz 4
   getattr -> 4
   unique: 342, success, outsize: 144
unique: 343, opcode: OPEN (14), nodeid: 258, insize: 48, pid: 601
   unique: 343, success, outsize: 32
unique: 344, opcode: READ (15), nodeid: 258, insize: 80, pid: 601
   unique: 344, success, outsize: 20
unique: 345, opcode: RELEASE (18), nodeid: 258, insize: 64, pid: 0
   unique: 345, success, outsize: 16
unique: 346, opcode: LOOKUP (1), nodeid: 1, insize: 45, pid: 601
isfile: 251 is not a file
getattr 00000000000000fb 0
isfile: 251 is not a file
isdir: 251 is a dir
getdir 00000000000000fb
   getattr -> 1570449495 1570449495 1570449495
   unique: 346, success, outsize: 144
unique: 347, opcode: LOOKUP (1), nodeid: 251, insize: 45, pid: 601
isfile: 259 is a file
getattr 0000000000000103 1
isfile: 259 is a file
getfile 0000000000000103
getfile 0000000000000103 -> sz 4
   getattr -> 4
   unique: 347, success, outsize: 144
unique: 348, opcode: OPEN (14), nodeid: 259, insize: 48, pid: 601
   unique: 348, success, outsize: 32
unique: 349, opcode: READ (15), nodeid: 259, insize: 80, pid: 601
   unique: 349, success, outsize: 20
unique: 350, opcode: RELEASE (18), nodeid: 259, insize: 64, pid: 0
   unique: 350, success, outsize: 16
unique: 351, opcode: LOOKUP (1), nodeid: 1, insize: 45, pid: 601
isfile: 251 is not a file
getattr 00000000000000fb 0
isfile: 251 is not a file
isdir: 251 is a dir
getdir 00000000000000fb
   getattr -> 1570449495 1570449495 1570449495
   unique: 351, success, outsize: 144
unique: 352, opcode: LOOKUP (1), nodeid: 251, insize: 45, pid: 601
isfile: 260 is a file
getattr 0000000000000104 1
isfile: 260 is a file
getfile 0000000000000104
getfile 0000000000000104 -> sz 4
   getattr -> 4
   unique: 352, success, outsize: 144
unique: 353, opcode: OPEN (14), nodeid: 260, insize: 48, pid: 601
   unique: 353, success, outsize: 32
unique: 354, opcode: READ (15), nodeid: 260, insize: 80, pid: 601
   unique: 354, success, outsize: 20
unique: 355, opcode: RELEASE (18), nodeid: 260, insize: 64, pid: 0
   unique: 355, success, outsize: 16
unique: 356, opcode: LOOKUP (1), nodeid: 1, insize: 45, pid: 601
isfile: 251 is not a file
getattr 00000000000000fb 0
isfile: 251 is not a file
isdir: 251 is a dir
getdir 00000000000000fb
   getattr -> 1570449495 1570449495 1570449495
   unique: 356, success, outsize: 144
unique: 357, opcode: LOOKUP (1), nodeid: 251, insize: 45, pid: 601
isfile: 261 is a file
getattr 0000000000000105 1
isfile: 261 is a file
getfile 0000000000000105
getfile 0000000000000105 -> sz 4
   getattr -> 4
   unique: 357, success, outsize: 144
unique: 358, opcode: OPEN (14), nodeid: 261, insize: 48, pid: 601
   unique: 358, success, outsize: 32
unique: 359, opcode: READ (15), nodeid: 261, insize: 80, pid: 601
   unique: 359, success, outsize: 20
unique: 360, opcode: RELEASE (18), nodeid: 261, insize: 64, pid: 0
   unique: 360, success, outsize: 16
unique: 361, opcode: LOOKUP (1), nodeid: 1, insize: 45, pid: 601
isfile: 251 is not a file
getattr 00000000000000fb 0
isfile: 251 is not a file
isdir: 251 is a dir
getdir 00000000000000fb
   getattr -> 1570449496 1570449496 1570449496
   unique: 361, success, outsize: 144
unique: 362, opcode: LOOKUP (1), nodeid: 251, insize: 45, pid: 601
isfile: 262 is a file
getattr 0000000000000106 1
isfile: 262 is a file
getfile 0000000000000106
getfile 0000000000000106 -> sz 4
   getattr -> 4
   unique: 362, success, outsize: 144
unique: 363, opcode: UNLINK (10), nodeid: 251, insize: 45, pid: 601
   unique: 363, success, outsize: 16
unique: 364, opcode: FORGET (2), nodeid: 262, insize: 48, pid: 0
unique: 365, opcode: LOOKUP (1), nodeid: 1, insize: 45, pid: 601
isfile: 251 is not a file
getattr 00000000000000fb 0
isfile: 251 is not a file
isdir: 251 is a dir
getdir 00000000000000fb
   getattr -> 1570449497 1570449497 1570449497
   unique: 365, success, outsize: 144
unique: 366, opcode: LOOKUP (1), nodeid: 251, insize: 45, pid: 601
isfile: 263 is a file
getattr 0000000000000107 1
isfile: 263 is a file
getfile 0000000000000107
getfile 0000000000000107 -> sz 4
   getattr -> 4
   unique: 366, success, outsize: 144
unique: 367, opcode: UNLINK (10), nodeid: 251, insize: 45, pid: 601
   unique: 367, success, outsize: 16
unique: 368, opcode: LOOKUP (1), nodeid: 1, insize: 45, pid: 601
isfile: 251 is not a file
getattr 00000000000000fb 0
isfile: 251 is not a file
isdir: 251 is a dir
getdir 00000000000000fb
   getattr -> 1570449497 1570449497 1570449497
   unique: 368, success, outsize: 144
unique: 369, opcode: FORGET (2), nodeid: 263, insize: 48, pid: 0
unique: 370, opcode: LOOKUP (1), nodeid: 251, insize: 45, pid: 601
isfile: 264 is a file
getattr 0000000000000108 1
isfile: 264 is a file
getfile 0000000000000108
getfile 0000000000000108 -> sz 4
   getattr -> 4
   unique: 370, success, outsize: 144
unique: 371, opcode: UNLINK (10), nodeid: 251, insize: 45, pid: 601
   unique: 371, success, outsize: 16
unique: 372, opcode: LOOKUP (1), nodeid: 1, insize: 45, pid: 601
isfile: 251 is not a file
getattr 00000000000000fb 0
isfile: 251 is not a file
isdir: 251 is a dir
getdir 00000000000000fb
   getattr -> 1570449497 1570449497 1570449497
   unique: 372, success, outsize: 144
unique: 373, opcode: FORGET (2), nodeid: 264, insize: 48, pid: 0
unique: 374, opcode: LOOKUP (1), nodeid: 251, insize: 45, pid: 601
isfile: 265 is a file
getattr 0000000000000109 1
isfile: 265 is a file
getfile 0000000000000109
getfile 0000000000000109 -> sz 4
   getattr -> 4
   unique: 374, success, outsize: 144
unique: 375, opcode: UNLINK (10), nodeid: 251, insize: 45, pid: 601
   unique: 375, success, outsize: 16
unique: 376, opcode: FORGET (2), nodeid: 265, insize: 48, pid: 0
unique: 377, opcode: LOOKUP (1), nodeid: 1, insize: 45, pid: 601
isfile: 251 is not a file
getattr 00000000000000fb 0
isfile: 251 is not a file
isdir: 251 is a dir
getdir 00000000000000fb
   getattr -> 1570449497 1570449497 1570449497
   unique: 377, success, outsize: 144
unique: 378, opcode: LOOKUP (1), nodeid: 251, insize: 45, pid: 601
isfile: 266 is a file
getattr 000000000000010a 1
isfile: 266 is a file
getfile 000000000000010a
getfile 000000000000010a -> sz 4
   getattr -> 4
   unique: 378, success, outsize: 144
unique: 379, opcode: UNLINK (10), nodeid: 251, insize: 45, pid: 601
   unique: 379, success, outsize: 16
unique: 380, opcode: FORGET (2), nodeid: 266, insize: 48, pid: 0
unique: 381, opcode: LOOKUP (1), nodeid: 1, insize: 45, pid: 601
isfile: 251 is not a file
getattr 00000000000000fb 0
isfile: 251 is not a file
isdir: 251 is a dir
getdir 00000000000000fb
   getattr -> 1570449497 1570449497 1570449497
   unique: 381, success, outsize: 144
unique: 382, opcode: LOOKUP (1), nodeid: 251, insize: 45, pid: 601
isfile: 267 is a file
getattr 000000000000010b 1
isfile: 267 is a file
getfile 000000000000010b
getfile 000000000000010b -> sz 4
   getattr -> 4
   unique: 382, success, outsize: 144
unique: 383, opcode: UNLINK (10), nodeid: 251, insize: 45, pid: 601
   unique: 383, success, outsize: 16
unique: 384, opcode: FORGET (2), nodeid: 267, insize: 48, pid: 0
unique: 385, opcode: LOOKUP (1), nodeid: 1, insize: 45, pid: 601
isfile: 251 is not a file
getattr 00000000000000fb 0
isfile: 251 is not a file
isdir: 251 is a dir
getdir 00000000000000fb
   getattr -> 1570449497 1570449497 1570449497
   unique: 385, success, outsize: 144
unique: 386, opcode: LOOKUP (1), nodeid: 251, insize: 45, pid: 601
isfile: 268 is a file
getattr 000000000000010c 1
isfile: 268 is a file
getfile 000000000000010c
getfile 000000000000010c -> sz 4
   getattr -> 4
   unique: 386, success, outsize: 144
unique: 387, opcode: UNLINK (10), nodeid: 251, insize: 45, pid: 601
   unique: 387, success, outsize: 16
unique: 388, opcode: FORGET (2), nodeid: 268, insize: 48, pid: 0
unique: 389, opcode: LOOKUP (1), nodeid: 1, insize: 45, pid: 601
isfile: 251 is not a file
getattr 00000000000000fb 0
isfile: 251 is not a file
isdir: 251 is a dir
getdir 00000000000000fb
   getattr -> 1570449497 1570449497 1570449497
   unique: 389, success, outsize: 144
unique: 390, opcode: LOOKUP (1), nodeid: 251, insize: 45, pid: 601
isfile: 269 is a file
getattr 000000000000010d 1
isfile: 269 is a file
getfile 000000000000010d
getfile 000000000000010d -> sz 4
   getattr -> 4
   unique: 390, success, outsize: 144
unique: 391, opcode: UNLINK (10), nodeid: 251, insize: 45, pid: 601
   unique: 391, success, outsize: 16
unique: 392, opcode: FORGET (2), nodeid: 269, insize: 48, pid: 0
unique: 393, opcode: LOOKUP (1), nodeid: 1, insize: 45, pid: 601
isfile: 251 is not a file
getattr 00000000000000fb 0
isfile: 251 is not a file
isdir: 251 is a dir
getdir 00000000000000fb
   getattr -> 1570449497 1570449497 1570449497
   unique: 393, success, outsize: 144
unique: 394, opcode: LOOKUP (1), nodeid: 251, insize: 45, pid: 601
isfile: 270 is a file
getattr 000000000000010e 1
isfile: 270 is a file
getfile 000000000000010e
getfile 000000000000010e -> sz 4
   getattr -> 4
   unique: 394, success, outsize: 144
unique: 395, opcode: UNLINK (10), nodeid: 251, insize: 45, pid: 601
   unique: 395, success, outsize: 16
unique: 396, opcode: FORGET (2), nodeid: 270, insize: 48, pid: 0
unique: 397, opcode: LOOKUP (1), nodeid: 1, insize: 45, pid: 601
isfile: 251 is not a file
getattr 00000000000000fb 0
isfile: 251 is not a file
isdir: 251 is a dir
getdir 00000000000000fb
   getattr -> 1570449497 1570449497 1570449497
   unique: 397, success, outsize: 144
unique: 398, opcode: LOOKUP (1), nodeid: 251, insize: 45, pid: 601
isfile: 271 is a file
getattr 000000000000010f 1
isfile: 271 is a file
getfile 000000000000010f
getfile 000000000000010f -> sz 4
   getattr -> 4
   unique: 398, success, outsize: 144
unique: 399, opcode: UNLINK (10), nodeid: 251, insize: 45, pid: 601
   unique: 399, success, outsize: 16
unique: 400, opcode: FORGET (2), nodeid: 271, insize: 48, pid: 0
unique: 401, opcode: LOOKUP (1), nodeid: 1, insize: 45, pid: 601
isfile: 251 is not a file
getattr 00000000000000fb 0
isfile: 251 is not a file
isdir: 251 is a dir
getdir 00000000000000fb
   getattr -> 1570449498 1570449498 1570449498
   unique: 401, success, outsize: 144
unique: 402, opcode: LOOKUP (1), nodeid: 251, insize: 43, pid: 601
isfile: 252 is a file
getattr 00000000000000fc 1
isfile: 252 is a file
getfile 00000000000000fc
getfile 00000000000000fc -> sz 20000
   getattr -> 20000
   unique: 402, success, outsize: 144
unique: 403, opcode: OPEN (14), nodeid: 252, insize: 48, pid: 601
   unique: 403, success, outsize: 32
unique: 404, opcode: GETATTR (3), nodeid: 252, insize: 56, pid: 601
isfile: 252 is a file
getattr 00000000000000fc 1
isfile: 252 is a file
getfile 00000000000000fc
getfile 00000000000000fc -> sz 20000
   getattr -> 20000
   unique: 404, success, outsize: 120
unique: 405, opcode: READ (15), nodeid: 252, insize: 80, pid: 601
   unique: 405, success, outsize: 20016
unique: 406, opcode: RELEASE (18), nodeid: 252, insize: 64, pid: 0
   unique: 406, success, outsize: 16
unique: 407, opcode: LOOKUP (1), nodeid: 1, insize: 45, pid: 615
isfile: 252 is not a file
getattr 00000000000000fc 0
isfile: 252 is not a file
isdir: 252 is a dir
getdir 00000000000000fc
   getattr -> 1570449499 1570449499 1570449499
   unique: 407, success, outsize: 144
unique: 408, opcode: LOOKUP (1), nodeid: 1, insize: 45, pid: 617
isfile: 252 is not a file
getattr 00000000000000fc 0
isfile: 252 is not a file
isdir: 252 is a dir
getdir 00000000000000fc
   getattr -> 1570449499 1570449499 1570449499
   unique: 408, success, outsize: 144
unique: 409, opcode: LOOKUP (1), nodeid: 252, insize: 45, pid: 617
   unique: 409, error: -2 (No such file or directory), outsize: 16
unique: 410, opcode: CREATE (35), nodeid: 252, insize: 61, pid: 617
isdir: 252 is a dir
isfile: 254 is a file
getattr 00000000000000fe 1
isfile: 254 is a file
getfile 00000000000000fe
getfile 00000000000000fe -> sz 0
   getattr -> 0
   unique: 410, success, outsize: 160
OK: create returns.
unique: 411, opcode: WRITE (16), nodeid: 254, insize: 84, pid: 617
   unique: 411, success, outsize: 24
unique: 412, opcode: RELEASE (18), nodeid: 254, insize: 64, pid: 0
   unique: 412, success, outsize: 16
unique: 413, opcode: LOOKUP (1), nodeid: 1, insize: 45, pid: 617
isfile: 252 is not a file
getattr 00000000000000fc 0
isfile: 252 is not a file
isdir: 252 is a dir
getdir 00000000000000fc
   getattr -> 1570449500 1570449500 1570449500
   unique: 413, success, outsize: 144
unique: 414, opcode: LOOKUP (1), nodeid: 252, insize: 45, pid: 617
   unique: 414, error: -2 (No such file or directory), outsize: 16
unique: 415, opcode: CREATE (35), nodeid: 252, insize: 61, pid: 617
isdir: 252 is a dir
isfile: 256 is a file
getattr 0000000000000100 1
isfile: 256 is a file
getfile 0000000000000100
getfile 0000000000000100 -> sz 0
   getattr -> 0
   unique: 415, success, outsize: 160
OK: create returns.
unique: 416, opcode: WRITE (16), nodeid: 256, insize: 84, pid: 617
   unique: 416, success, outsize: 24
unique: 417, opcode: RELEASE (18), nodeid: 256, insize: 64, pid: 0
   unique: 417, success, outsize: 16
unique: 418, opcode: LOOKUP (1), nodeid: 1, insize: 45, pid: 617
isfile: 252 is not a file
getattr 00000000000000fc 0
isfile: 252 is not a file
isdir: 252 is a dir
getdir 00000000000000fc
   getattr -> 1570449500 1570449500 1570449500
   unique: 418, success, outsize: 144
unique: 419, opcode: LOOKUP (1), nodeid: 252, insize: 45, pid: 617
   unique: 419, error: -2 (No such file or directory), outsize: 16
unique: 420, opcode: CREATE (35), nodeid: 252, insize: 61, pid: 617
isdir: 252 is a dir
isfile: 258 is a file
getattr 0000000000000102 1
isfile: 258 is a file
getfile 0000000000000102
getfile 0000000000000102 -> sz 0
   getattr -> 0
   unique: 420, success, outsize: 160
OK: create returns.
unique: 421, opcode: WRITE (16), nodeid: 258, insize: 84, pid: 617
   unique: 421, success, outsize: 24
unique: 422, opcode: RELEASE (18), nodeid: 258, insize: 64, pid: 0
   unique: 422, success, outsize: 16
unique: 423, opcode: LOOKUP (1), nodeid: 1, insize: 45, pid: 617
isfile: 252 is not a file
getattr 00000000000000fc 0
isfile: 252 is not a file
isdir: 252 is a dir
getdir 00000000000000fc
   getattr -> 1570449500 1570449500 1570449500
   unique: 423, success, outsize: 144
unique: 424, opcode: LOOKUP (1), nodeid: 252, insize: 45, pid: 617
   unique: 424, error: -2 (No such file or directory), outsize: 16
unique: 425, opcode: CREATE (35), nodeid: 252, insize: 61, pid: 617
isdir: 252 is a dir
isfile: 260 is a file
getattr 0000000000000104 1
isfile: 260 is a file
getfile 0000000000000104
getfile 0000000000000104 -> sz 0
   getattr -> 0
   unique: 425, success, outsize: 160
OK: create returns.
unique: 426, opcode: WRITE (16), nodeid: 260, insize: 84, pid: 617
   unique: 426, success, outsize: 24
unique: 427, opcode: RELEASE (18), nodeid: 260, insize: 64, pid: 0
   unique: 427, success, outsize: 16
unique: 428, opcode: LOOKUP (1), nodeid: 1, insize: 45, pid: 617
isfile: 252 is not a file
getattr 00000000000000fc 0
isfile: 252 is not a file
isdir: 252 is a dir
getdir 00000000000000fc
   getattr -> 1570449500 1570449500 1570449500
   unique: 428, success, outsize: 144
unique: 429, opcode: LOOKUP (1), nodeid: 252, insize: 45, pid: 617
   unique: 429, error: -2 (No such file or directory), outsize: 16
unique: 430, opcode: CREATE (35), nodeid: 252, insize: 61, pid: 617
isdir: 252 is a dir
isfile: 262 is a file
getattr 0000000000000106 1
isfile: 262 is a file
getfile 0000000000000106
getfile 0000000000000106 -> sz 0
   getattr -> 0
   unique: 430, success, outsize: 160
OK: create returns.
unique: 431, opcode: WRITE (16), nodeid: 262, insize: 84, pid: 617
   unique: 431, success, outsize: 24
unique: 432, opcode: RELEASE (18), nodeid: 262, insize: 64, pid: 0
   unique: 432, success, outsize: 16
unique: 433, opcode: LOOKUP (1), nodeid: 1, insize: 45, pid: 617
isfile: 252 is not a file
getattr 00000000000000fc 0
isfile: 252 is not a file
isdir: 252 is a dir
getdir 00000000000000fc
   getattr -> 1570449500 1570449500 1570449500
   unique: 433, success, outsize: 144
unique: 434, opcode: LOOKUP (1), nodeid: 252, insize: 45, pid: 617
   unique: 434, error: -2 (No such file or directory), outsize: 16
unique: 435, opcode: CREATE (35), nodeid: 252, insize: 61, pid: 617
isdir: 252 is a dir
isfile: 264 is a file
getattr 0000000000000108 1
isfile: 264 is a file
getfile 0000000000000108
getfile 0000000000000108 -> sz 0
   getattr -> 0
   unique: 435, success, outsize: 160
OK: create returns.
unique: 436, opcode: WRITE (16), nodeid: 264, insize: 84, pid: 617
   unique: 436, success, outsize: 24
unique: 437, opcode: RELEASE (18), nodeid: 264, insize: 64, pid: 0
   unique: 437, success, outsize: 16
unique: 438, opcode: LOOKUP (1), nodeid: 1, insize: 45, pid: 617
isfile: 252 is not a file
getattr 00000000000000fc 0
isfile: 252 is not a file
isdir: 252 is a dir
getdir 00000000000000fc
   getattr -> 1570449500 1570449500 1570449500
   unique: 438, success, outsize: 144
unique: 439, opcode: LOOKUP (1), nodeid: 252, insize: 45, pid: 617
   unique: 439, error: -2 (No such file or directory), outsize: 16
unique: 440, opcode: CREATE (35), nodeid: 252, insize: 61, pid: 617
isdir: 252 is a dir
isfile: 266 is a file
getattr 000000000000010a 1
isfile: 266 is a file
getfile 000000000000010a
getfile 000000000000010a -> sz 0
   getattr -> 0
   unique: 440, success, outsize: 160
OK: create returns.
unique: 441, opcode: WRITE (16), nodeid: 266, insize: 84, pid: 617
   unique: 441, success, outsize: 24
unique: 442, opcode: RELEASE (18), nodeid: 266, insize: 64, pid: 0
   unique: 442, success, outsize: 16
unique: 443, opcode: LOOKUP (1), nodeid: 1, insize: 45, pid: 617
isfile: 252 is not a file
getattr 00000000000000fc 0
isfile: 252 is not a file
isdir: 252 is a dir
getdir 00000000000000fc
   getattr -> 1570449500 1570449500 1570449500
   unique: 443, success, outsize: 144
unique: 444, opcode: LOOKUP (1), nodeid: 252, insize: 45, pid: 617
   unique: 444, error: -2 (No such file or directory), outsize: 16
unique: 445, opcode: CREATE (35), nodeid: 252, insize: 61, pid: 617
isdir: 252 is a dir
isfile: 268 is a file
getattr 000000000000010c 1
isfile: 268 is a file
getfile 000000000000010c
getfile 000000000000010c -> sz 0
   getattr -> 0
   unique: 445, success, outsize: 160
OK: create returns.
unique: 446, opcode: WRITE (16), nodeid: 268, insize: 84, pid: 617
   unique: 446, success, outsize: 24
unique: 447, opcode: RELEASE (18), nodeid: 268, insize: 64, pid: 0
   unique: 447, success, outsize: 16
unique: 448, opcode: LOOKUP (1), nodeid: 1, insize: 45, pid: 617
isfile: 252 is not a file
getattr 00000000000000fc 0
isfile: 252 is not a file
isdir: 252 is a dir
getdir 00000000000000fc
   getattr -> 1570449500 1570449500 1570449500
   unique: 448, success, outsize: 144
unique: 449, opcode: LOOKUP (1), nodeid: 252, insize: 45, pid: 617
   unique: 449, error: -2 (No such file or directory), outsize: 16
unique: 450, opcode: CREATE (35), nodeid: 252, insize: 61, pid: 617
isdir: 252 is a dir
isfile: 270 is a file
getattr 000000000000010e 1
isfile: 270 is a file
getfile 000000000000010e
getfile 000000000000010e -> sz 0
   getattr -> 0
   unique: 450, success, outsize: 160
OK: create returns.
unique: 451, opcode: WRITE (16), nodeid: 270, insize: 84, pid: 617
   unique: 451, success, outsize: 24
unique: 452, opcode: RELEASE (18), nodeid: 270, insize: 64, pid: 0
   unique: 452, success, outsize: 16
unique: 453, opcode: LOOKUP (1), nodeid: 1, insize: 45, pid: 617
isfile: 252 is not a file
getattr 00000000000000fc 0
isfile: 252 is not a file
isdir: 252 is a dir
getdir 00000000000000fc
   getattr -> 1570449500 1570449500 1570449500
   unique: 453, success, outsize: 144
unique: 454, opcode: LOOKUP (1), nodeid: 252, insize: 45, pid: 617
   unique: 454, error: -2 (No such file or directory), outsize: 16
unique: 455, opcode: CREATE (35), nodeid: 252, insize: 61, pid: 617
isdir: 252 is a dir
isfile: 272 is a file
getattr 0000000000000110 1
isfile: 272 is a file
getfile 0000000000000110
getfile 0000000000000110 -> sz 0
   getattr -> 0
   unique: 455, success, outsize: 160
OK: create returns.
unique: 456, opcode: WRITE (16), nodeid: 272, insize: 84, pid: 617
   unique: 456, success, outsize: 24
unique: 457, opcode: RELEASE (18), nodeid: 272, insize: 64, pid: 0
   unique: 457, success, outsize: 16
unique: 458, opcode: LOOKUP (1), nodeid: 1, insize: 46, pid: 633
   unique: 458, error: -2 (No such file or directory), outsize: 16
unique: 459, opcode: MKDIR (9), nodeid: 1, insize: 54, pid: 633
isfile: 274 is not a file
getattr 0000000000000112 0
isfile: 274 is not a file
isdir: 274 is a dir
getdir 0000000000000112
   getattr -> 1570449504 1570449504 1570449504
   unique: 459, success, outsize: 144
unique: 460, opcode: LOOKUP (1), nodeid: 1, insize: 46, pid: 633
isfile: 273 is not a file
getattr 0000000000000111 0
isfile: 273 is not a file
isdir: 273 is a dir
getdir 0000000000000111
   getattr -> 1570449504 1570449504 1570449504
   unique: 460, success, outsize: 144
unique: 461, opcode: LOOKUP (1), nodeid: 1, insize: 46, pid: 635
isfile: 274 is not a file
getattr 0000000000000112 0
isfile: 274 is not a file
isdir: 274 is a dir
getdir 0000000000000112
   getattr -> 1570449504 1570449504 1570449504
   unique: 461, success, outsize: 144
unique: 462, opcode: LOOKUP (1), nodeid: 274, insize: 45, pid: 635
   unique: 462, error: -2 (No such file or directory), outsize: 16
unique: 463, opcode: CREATE (35), nodeid: 274, insize: 61, pid: 635
isdir: 274 is a dir
isfile: 276 is a file
getattr 0000000000000114 1
isfile: 276 is a file
getfile 0000000000000114
getfile 0000000000000114 -> sz 0
   getattr -> 0
   unique: 463, success, outsize: 160
OK: create returns.
unique: 464, opcode: WRITE (16), nodeid: 276, insize: 84, pid: 635
   unique: 464, success, outsize: 24
unique: 465, opcode: RELEASE (18), nodeid: 276, insize: 64, pid: 0
   unique: 465, success, outsize: 16
unique: 466, opcode: LOOKUP (1), nodeid: 1, insize: 46, pid: 635
isfile: 274 is not a file
getattr 0000000000000112 0
isfile: 274 is not a file
isdir: 274 is a dir
getdir 0000000000000112
   getattr -> 1570449505 1570449505 1570449505
   unique: 466, success, outsize: 144
unique: 467, opcode: LOOKUP (1), nodeid: 274, insize: 45, pid: 635
   unique: 467, error: -2 (No such file or directory), outsize: 16
unique: 468, opcode: CREATE (35), nodeid: 274, insize: 61, pid: 635
isdir: 274 is a dir
isfile: 278 is a file
getattr 0000000000000116 1
isfile: 278 is a file
getfile 0000000000000116
getfile 0000000000000116 -> sz 0
   getattr -> 0
   unique: 468, success, outsize: 160
OK: create returns.
unique: 469, opcode: WRITE (16), nodeid: 278, insize: 84, pid: 635
   unique: 469, success, outsize: 24
unique: 470, opcode: RELEASE (18), nodeid: 278, insize: 64, pid: 0
   unique: 470, success, outsize: 16
unique: 471, opcode: LOOKUP (1), nodeid: 1, insize: 46, pid: 635
isfile: 274 is not a file
getattr 0000000000000112 0
isfile: 274 is not a file
isdir: 274 is a dir
getdir 0000000000000112
   getattr -> 1570449505 1570449505 1570449505
   unique: 471, success, outsize: 144
unique: 472, opcode: LOOKUP (1), nodeid: 274, insize: 45, pid: 635
   unique: 472, error: -2 (No such file or directory), outsize: 16
unique: 473, opcode: CREATE (35), nodeid: 274, insize: 61, pid: 635
isdir: 274 is a dir
isfile: 279 is a file
getattr 0000000000000117 1
isfile: 279 is a file
getfile 0000000000000117
getfile 0000000000000117 -> sz 0
   getattr -> 0
   unique: 473, success, outsize: 160
OK: create returns.
unique: 474, opcode: WRITE (16), nodeid: 279, insize: 84, pid: 635
   unique: 474, success, outsize: 24
unique: 475, opcode: RELEASE (18), nodeid: 279, insize: 64, pid: 0
   unique: 475, success, outsize: 16
unique: 476, opcode: LOOKUP (1), nodeid: 1, insize: 46, pid: 635
isfile: 274 is not a file
getattr 0000000000000112 0
isfile: 274 is not a file
isdir: 274 is a dir
getdir 0000000000000112
   getattr -> 1570449505 1570449505 1570449505
   unique: 476, success, outsize: 144
unique: 477, opcode: LOOKUP (1), nodeid: 274, insize: 45, pid: 635
   unique: 477, error: -2 (No such file or directory), outsize: 16
unique: 478, opcode: CREATE (35), nodeid: 274, insize: 61, pid: 635
isdir: 274 is a dir
isfile: 281 is a file
getattr 0000000000000119 1
isfile: 281 is a file
getfile 0000000000000119
getfile 0000000000000119 -> sz 0
   getattr -> 0
   unique: 478, success, outsize: 160
OK: create returns.
unique: 479, opcode: WRITE (16), nodeid: 281, insize: 84, pid: 635
   unique: 479, success, outsize: 24
unique: 480, opcode: RELEASE (18), nodeid: 281, insize: 64, pid: 0
   unique: 480, success, outsize: 16
unique: 481, opcode: LOOKUP (1), nodeid: 1, insize: 46, pid: 635
isfile: 274 is not a file
getattr 0000000000000112 0
isfile: 274 is not a file
isdir: 274 is a dir
getdir 0000000000000112
   getattr -> 1570449505 1570449505 1570449505
   unique: 481, success, outsize: 144
unique: 482, opcode: LOOKUP (1), nodeid: 274, insize: 45, pid: 635
   unique: 482, error: -2 (No such file or directory), outsize: 16
unique: 483, opcode: CREATE (35), nodeid: 274, insize: 61, pid: 635
isdir: 274 is a dir
isfile: 283 is a file
getattr 000000000000011b 1
isfile: 283 is a file
getfile 000000000000011b
getfile 000000000000011b -> sz 0
   getattr -> 0
   unique: 483, success, outsize: 160
OK: create returns.
unique: 484, opcode: WRITE (16), nodeid: 283, insize: 84, pid: 635
   unique: 484, success, outsize: 24
unique: 485, opcode: RELEASE (18), nodeid: 283, insize: 64, pid: 0
   unique: 485, success, outsize: 16
unique: 486, opcode: LOOKUP (1), nodeid: 1, insize: 46, pid: 635
isfile: 274 is not a file
getattr 0000000000000112 0
isfile: 274 is not a file
isdir: 274 is a dir
getdir 0000000000000112
   getattr -> 1570449505 1570449505 1570449505
   unique: 486, success, outsize: 144
unique: 487, opcode: LOOKUP (1), nodeid: 274, insize: 45, pid: 635
   unique: 487, error: -2 (No such file or directory), outsize: 16
unique: 488, opcode: CREATE (35), nodeid: 274, insize: 61, pid: 635
isdir: 274 is a dir
isfile: 285 is a file
getattr 000000000000011d 1
isfile: 285 is a file
getfile 000000000000011d
getfile 000000000000011d -> sz 0
   getattr -> 0
   unique: 488, success, outsize: 160
OK: create returns.
unique: 489, opcode: WRITE (16), nodeid: 285, insize: 84, pid: 635
   unique: 489, success, outsize: 24
unique: 490, opcode: RELEASE (18), nodeid: 285, insize: 64, pid: 0
   unique: 490, success, outsize: 16
unique: 491, opcode: LOOKUP (1), nodeid: 1, insize: 46, pid: 635
isfile: 274 is not a file
getattr 0000000000000112 0
isfile: 274 is not a file
isdir: 274 is a dir
getdir 0000000000000112
   getattr -> 1570449505 1570449505 1570449505
   unique: 491, success, outsize: 144
unique: 492, opcode: LOOKUP (1), nodeid: 274, insize: 45, pid: 635
   unique: 492, error: -2 (No such file or directory), outsize: 16
unique: 493, opcode: CREATE (35), nodeid: 274, insize: 61, pid: 635
isdir: 274 is a dir
isfile: 287 is a file
getattr 000000000000011f 1
isfile: 287 is a file
getfile 000000000000011f
getfile 000000000000011f -> sz 0
   getattr -> 0
   unique: 493, success, outsize: 160
OK: create returns.
unique: 494, opcode: WRITE (16), nodeid: 287, insize: 84, pid: 635
   unique: 494, success, outsize: 24
unique: 495, opcode: RELEASE (18), nodeid: 287, insize: 64, pid: 0
   unique: 495, success, outsize: 16
unique: 496, opcode: LOOKUP (1), nodeid: 1, insize: 46, pid: 635
isfile: 274 is not a file
getattr 0000000000000112 0
isfile: 274 is not a file
isdir: 274 is a dir
getdir 0000000000000112
   getattr -> 1570449505 1570449505 1570449505
   unique: 496, success, outsize: 144
unique: 497, opcode: LOOKUP (1), nodeid: 274, insize: 45, pid: 635
   unique: 497, error: -2 (No such file or directory), outsize: 16
unique: 498, opcode: CREATE (35), nodeid: 274, insize: 61, pid: 635
isdir: 274 is a dir
isfile: 289 is a file
getattr 0000000000000121 1
isfile: 289 is a file
getfile 0000000000000121
getfile 0000000000000121 -> sz 0
   getattr -> 0
   unique: 498, success, outsize: 160
OK: create returns.
unique: 499, opcode: WRITE (16), nodeid: 289, insize: 84, pid: 635
   unique: 499, success, outsize: 24
unique: 500, opcode: RELEASE (18), nodeid: 289, insize: 64, pid: 0
   unique: 500, success, outsize: 16
unique: 501, opcode: LOOKUP (1), nodeid: 1, insize: 46, pid: 635
isfile: 274 is not a file
getattr 0000000000000112 0
isfile: 274 is not a file
isdir: 274 is a dir
getdir 0000000000000112
   getattr -> 1570449505 1570449505 1570449505
   unique: 501, success, outsize: 144
unique: 502, opcode: LOOKUP (1), nodeid: 274, insize: 45, pid: 635
   unique: 502, error: -2 (No such file or directory), outsize: 16
unique: 503, opcode: CREATE (35), nodeid: 274, insize: 61, pid: 635
isdir: 274 is a dir
isfile: 291 is a file
getattr 0000000000000123 1
isfile: 291 is a file
getfile 0000000000000123
getfile 0000000000000123 -> sz 0
   getattr -> 0
   unique: 503, success, outsize: 160
OK: create returns.
unique: 504, opcode: WRITE (16), nodeid: 291, insize: 84, pid: 635
   unique: 504, success, outsize: 24
unique: 505, opcode: RELEASE (18), nodeid: 291, insize: 64, pid: 0
   unique: 505, success, outsize: 16
unique: 506, opcode: LOOKUP (1), nodeid: 1, insize: 46, pid: 635
isfile: 274 is not a file
getattr 0000000000000112 0
isfile: 274 is not a file
isdir: 274 is a dir
getdir 0000000000000112
   getattr -> 1570449505 1570449505 1570449505
   unique: 506, success, outsize: 144
unique: 507, opcode: LOOKUP (1), nodeid: 274, insize: 45, pid: 635
   unique: 507, error: -2 (No such file or directory), outsize: 16
unique: 508, opcode: CREATE (35), nodeid: 274, insize: 61, pid: 635
isdir: 274 is a dir
isfile: 293 is a file
getattr 0000000000000125 1
isfile: 293 is a file
getfile 0000000000000125
getfile 0000000000000125 -> sz 0
   getattr -> 0
   unique: 508, success, outsize: 160
OK: create returns.
unique: 509, opcode: WRITE (16), nodeid: 293, insize: 84, pid: 635
   unique: 509, success, outsize: 24
unique: 510, opcode: RELEASE (18), nodeid: 293, insize: 64, pid: 0
   unique: 510, success, outsize: 16
unique: 511, opcode: LOOKUP (1), nodeid: 1, insize: 46, pid: 635
isfile: 274 is not a file
getattr 0000000000000112 0
isfile: 274 is not a file
isdir: 274 is a dir
getdir 0000000000000112
   getattr -> 1570449505 1570449505 1570449505
   unique: 511, success, outsize: 144
unique: 512, opcode: LOOKUP (1), nodeid: 274, insize: 45, pid: 635
isfile: 276 is a file
getattr 0000000000000114 1
isfile: 276 is a file
getfile 0000000000000114
getfile 0000000000000114 -> sz 4
   getattr -> 4
   unique: 512, success, outsize: 144
unique: 513, opcode: UNLINK (10), nodeid: 274, insize: 45, pid: 635
   unique: 513, success, outsize: 16
unique: 514, opcode: LOOKUP (1), nodeid: 1, insize: 46, pid: 635
isfile: 274 is not a file
getattr 0000000000000112 0
isfile: 274 is not a file
isdir: 274 is a dir
getdir 0000000000000112
   getattr -> 1570449506 1570449506 1570449506
   unique: 514, success, outsize: 144
unique: 515, opcode: FORGET (2), nodeid: 276, insize: 48, pid: 0
unique: 516, opcode: LOOKUP (1), nodeid: 274, insize: 45, pid: 635
isfile: 278 is a file
getattr 0000000000000116 1
isfile: 278 is a file
getfile 0000000000000116
getfile 0000000000000116 -> sz 4
   getattr -> 4
   unique: 516, success, outsize: 144
unique: 517, opcode: UNLINK (10), nodeid: 274, insize: 45, pid: 635
   unique: 517, success, outsize: 16
unique: 518, opcode: LOOKUP (1), nodeid: 1, insize: 46, pid: 635
isfile: 274 is not a file
getattr 0000000000000112 0
isfile: 274 is not a file
isdir: 274 is a dir
getdir 0000000000000112
   getattr -> 1570449506 1570449506 1570449506
   unique: 518, success, outsize: 144
unique: 519, opcode: FORGET (2), nodeid: 278, insize: 48, pid: 0
unique: 520, opcode: LOOKUP (1), nodeid: 274, insize: 45, pid: 635
isfile: 279 is a file
getattr 0000000000000117 1
isfile: 279 is a file
getfile 0000000000000117
getfile 0000000000000117 -> sz 4
   getattr -> 4
   unique: 520, success, outsize: 144
unique: 521, opcode: UNLINK (10), nodeid: 274, insize: 45, pid: 635
   unique: 521, success, outsize: 16
unique: 522, opcode: FORGET (2), nodeid: 279, insize: 48, pid: 0
unique: 523, opcode: LOOKUP (1), nodeid: 1, insize: 46, pid: 635
isfile: 274 is not a file
getattr 0000000000000112 0
isfile: 274 is not a file
isdir: 274 is a dir
getdir 0000000000000112
   getattr -> 1570449506 1570449506 1570449506
   unique: 523, success, outsize: 144
unique: 524, opcode: LOOKUP (1), nodeid: 274, insize: 45, pid: 635
isfile: 281 is a file
getattr 0000000000000119 1
isfile: 281 is a file
getfile 0000000000000119
getfile 0000000000000119 -> sz 4
   getattr -> 4
   unique: 524, success, outsize: 144
unique: 525, opcode: UNLINK (10), nodeid: 274, insize: 45, pid: 635
   unique: 525, success, outsize: 16
unique: 526, opcode: LOOKUP (1), nodeid: 1, insize: 46, pid: 635
isfile: 274 is not a file
getattr 0000000000000112 0
isfile: 274 is not a file
isdir: 274 is a dir
getdir 0000000000000112
   getattr -> 1570449506 1570449506 1570449506
   unique: 526, success, outsize: 144
unique: 527, opcode: FORGET (2), nodeid: 281, insize: 48, pid: 0
unique: 528, opcode: LOOKUP (1), nodeid: 274, insize: 45, pid: 635
isfile: 283 is a file
getattr 000000000000011b 1
isfile: 283 is a file
getfile 000000000000011b
getfile 000000000000011b -> sz 4
   getattr -> 4
   unique: 528, success, outsize: 144
unique: 529, opcode: UNLINK (10), nodeid: 274, insize: 45, pid: 635
   unique: 529, success, outsize: 16
unique: 530, opcode: FORGET (2), nodeid: 283, insize: 48, pid: 0
unique: 531, opcode: LOOKUP (1), nodeid: 1, insize: 46, pid: 635
isfile: 274 is not a file
getattr 0000000000000112 0
isfile: 274 is not a file
isdir: 274 is a dir
getdir 0000000000000112
   getattr -> 1570449506 1570449506 1570449506
   unique: 531, success, outsize: 144
unique: 532, opcode: LOOKUP (1), nodeid: 274, insize: 45, pid: 635
isfile: 285 is a file
getattr 000000000000011d 1
isfile: 285 is a file
getfile 000000000000011d
getfile 000000000000011d -> sz 4
   getattr -> 4
   unique: 532, success, outsize: 144
unique: 533, opcode: UNLINK (10), nodeid: 274, insize: 45, pid: 635
   unique: 533, success, outsize: 16
unique: 534, opcode: FORGET (2), nodeid: 285, insize: 48, pid: 0
unique: 535, opcode: LOOKUP (1), nodeid: 1, insize: 46, pid: 635
isfile: 274 is not a file
getattr 0000000000000112 0
isfile: 274 is not a file
isdir: 274 is a dir
getdir 0000000000000112
   getattr -> 1570449506 1570449506 1570449506
   unique: 535, success, outsize: 144
unique: 536, opcode: LOOKUP (1), nodeid: 274, insize: 45, pid: 635
isfile: 287 is a file
getattr 000000000000011f 1
isfile: 287 is a file
getfile 000000000000011f
getfile 000000000000011f -> sz 4
   getattr -> 4
   unique: 536, success, outsize: 144
unique: 537, opcode: UNLINK (10), nodeid: 274, insize: 45, pid: 635
   unique: 537, success, outsize: 16
unique: 538, opcode: FORGET (2), nodeid: 287, insize: 48, pid: 0
unique: 539, opcode: LOOKUP (1), nodeid: 1, insize: 46, pid: 635
isfile: 274 is not a file
getattr 0000000000000112 0
isfile: 274 is not a file
isdir: 274 is a dir
getdir 0000000000000112
   getattr -> 1570449506 1570449506 1570449506
   unique: 539, success, outsize: 144
unique: 540, opcode: LOOKUP (1), nodeid: 274, insize: 45, pid: 635
isfile: 289 is a file
getattr 0000000000000121 1
isfile: 289 is a file
getfile 0000000000000121
getfile 0000000000000121 -> sz 4
   getattr -> 4
   unique: 540, success, outsize: 144
unique: 541, opcode: UNLINK (10), nodeid: 274, insize: 45, pid: 635
   unique: 541, success, outsize: 16
unique: 542, opcode: FORGET (2), nodeid: 289, insize: 48, pid: 0
unique: 543, opcode: LOOKUP (1), nodeid: 1, insize: 46, pid: 635
isfile: 274 is not a file
getattr 0000000000000112 0
isfile: 274 is not a file
isdir: 274 is a dir
getdir 0000000000000112
   getattr -> 1570449506 1570449506 1570449506
   unique: 543, success, outsize: 144
unique: 544, opcode: LOOKUP (1), nodeid: 274, insize: 45, pid: 635
isfile: 291 is a file
getattr 0000000000000123 1
isfile: 291 is a file
getfile 0000000000000123
getfile 0000000000000123 -> sz 4
   getattr -> 4
   unique: 544, success, outsize: 144
unique: 545, opcode: UNLINK (10), nodeid: 274, insize: 45, pid: 635
   unique: 545, success, outsize: 16
unique: 546, opcode: FORGET (2), nodeid: 291, insize: 48, pid: 0
unique: 547, opcode: LOOKUP (1), nodeid: 1, insize: 46, pid: 633
isfile: 274 is not a file
getattr 0000000000000112 0
isfile: 274 is not a file
isdir: 274 is a dir
getdir 0000000000000112
   getattr -> 1570449506 1570449506 1570449506
   unique: 547, success, outsize: 144
unique: 548, opcode: OPENDIR (27), nodeid: 274, insize: 48, pid: 633
   unique: 548, success, outsize: 32
unique: 549, opcode: GETATTR (3), nodeid: 274, insize: 56, pid: 633
isfile: 274 is not a file
getattr 0000000000000112 0
isfile: 274 is not a file
isdir: 274 is a dir
getdir 0000000000000112
   getattr -> 1570449506 1570449506 1570449506
   unique: 549, success, outsize: 120
unique: 550, opcode: READDIR (28), nodeid: 274, insize: 80, pid: 633
fuseserver_readdir
isdir: 274 is a dir
   unique: 550, success, outsize: 48
unique: 551, opcode: READDIR (28), nodeid: 274, insize: 80, pid: 633
fuseserver_readdir
isdir: 274 is a dir
   unique: 551, success, outsize: 16
unique: 552, opcode: RELEASEDIR (29), nodeid: 274, insize: 64, pid: 0
   unique: 552, success, outsize: 16
fuse: failed to unmount /home/stu/devlop/yfs2: Invalid argument
